2018-01-05T03:14:25.832313Z 0 [Warning] option 'read_buffer_size': unsigned value 0 adjusted to 8192
2018-01-05T03:14:25.832313Z 0 [Warning] option 'read_rnd_buffer_size': unsigned value 0 adjusted to 1
2018-01-05T03:14:25.832313Z 0 [Warning] TIMESTAMP with implicit DEFAULT value is deprecated. Please use --explicit_defaults_for_timestamp server option (see documentation for more details).
2018-01-05T03:14:25.832313Z 0 [Warning] 'NO_ZERO_DATE', 'NO_ZERO_IN_DATE' and 'ERROR_FOR_DIVISION_BY_ZERO' sql modes should be used with strict mode. They will be merged with strict mode in a future release.
2018-01-05T03:14:25.936524Z 0 [Note] C:\Program Files\MySQL\MySQL Server 5.7\bin\mysqld.exe (mysqld 5.7.20-log) starting as process 11500 ...
2018-01-05T03:14:25.956916Z 0 [Note] InnoDB: Mutexes and rw_locks use Windows interlocked functions
2018-01-05T03:14:25.957417Z 0 [Note] InnoDB: Uses event mutexes
2018-01-05T03:14:25.957918Z 0 [Note] InnoDB: _mm_lfence() and _mm_sfence() are used for memory barrier
2018-01-05T03:14:25.958420Z 0 [Note] InnoDB: Compressed tables use zlib 1.2.3
2018-01-05T03:14:25.958420Z 0 [Note] InnoDB: Adjusting innodb_buffer_pool_instances from 8 to 1 since innodb_buffer_pool_size is less than 1024 MiB
2018-01-05T03:14:25.959422Z 0 [Note] InnoDB: Number of pools: 1
2018-01-05T03:14:25.959924Z 0 [Note] InnoDB: Not using CPU crc32 instructions
2018-01-05T03:14:25.962430Z 0 [Note] InnoDB: Initializing buffer pool, total size = 8M, instances = 1, chunk size = 8M
2018-01-05T03:14:25.963446Z 0 [Note] InnoDB: Completed initialization of buffer pool
2018-01-05T03:14:26.086193Z 0 [Note] InnoDB: Highest supported file format is Barracuda.
2018-01-05T03:14:26.279128Z 0 [Note] InnoDB: Creating shared tablespace for temporary tables
2018-01-05T03:14:26.294640Z 0 [Note] InnoDB: Setting file '.\ibtmp1' size to 12 MB. Physically writing the file full; Please wait ...
2018-01-05T03:14:26.425924Z 0 [Note] InnoDB: File '.\ibtmp1' size is now 12 MB.
2018-01-05T03:14:26.441549Z 0 [Note] InnoDB: 96 redo rollback segment(s) found. 96 redo rollback segment(s) are active.
2018-01-05T03:14:26.457103Z 0 [Note] InnoDB: 32 non-redo rollback segment(s) are active.
2018-01-05T03:14:26.457103Z 0 [Note] InnoDB: 5.7.20 started; log sequence number 2566674
2018-01-05T03:14:26.473243Z 0 [Note] InnoDB: Loading buffer pool(s) from C:\ProgramData\MySQL\MySQL Server 5.7\Data\ib_buffer_pool
2018-01-05T03:14:26.473243Z 0 [Note] Plugin 'FEDERATED' is disabled.
2018-01-05T03:14:26.553051Z 0 [Warning] Failed to set up SSL because of the following SSL library error: SSL context is not usable without certificate and private key
2018-01-05T03:14:26.553051Z 0 [Note] Server hostname (bind-address): '*'; port: 3306
2018-01-05T03:14:26.553051Z 0 [Note] IPv6 is available.
2018-01-05T03:14:26.553051Z 0 [Note]   - '::' resolves to '::';
2018-01-05T03:14:26.553051Z 0 [Note] Server socket created on IP: '::'.
2018-01-05T03:14:26.639110Z 0 [Note] InnoDB: Buffer pool(s) load completed at 180104 20:14:26
2018-01-05T03:14:26.704629Z 0 [Note] Event Scheduler: Loaded 0 events
2018-01-05T03:14:26.704629Z 0 [Note] C:\Program Files\MySQL\MySQL Server 5.7\bin\mysqld.exe: ready for connections.
Version: '5.7.20-log'  socket: ''  port: 3306  MySQL Community Server (GPL)
2018-01-05T03:14:26.704629Z 0 [Note] Executing 'SELECT * FROM INFORMATION_SCHEMA.TABLES;' to get a list of tables using the deprecated partition engine. You may use the startup option '--disable-partition-engine-check' to skip this check. 
2018-01-05T03:14:26.704629Z 0 [Note] Beginning of list of non-natively partitioned tables
2018-01-05T03:14:26.751508Z 0 [Note] End of list of non-natively partitioned tables
2018-01-05T03:14:27.433411Z 3 [Note] Access denied for user ''@'localhost' (using password: NO)
2018-01-05T05:06:35.931317Z 0 [Note] C:\Program Files\MySQL\MySQL Server 5.7\bin\mysqld.exe: Normal shutdown

2018-01-05T05:06:35.946929Z 0 [Note] Giving 0 client threads a chance to die gracefully
2018-01-05T05:06:35.946929Z 0 [Note] Shutting down slave threads
2018-01-05T05:06:35.946929Z 0 [Note] Forcefully disconnecting 0 remaining clients
2018-01-05T05:06:35.946929Z 0 [Note] Event Scheduler: Purging the queue. 0 events
2018-01-05T05:06:35.946929Z 0 [Note] Binlog end
2018-01-05T05:06:35.946929Z 0 [Note] Shutting down plugin 'ngram'
2018-01-05T05:06:35.946929Z 0 [Note] Shutting down plugin 'partition'
2018-01-05T05:06:35.946929Z 0 [Note] Shutting down plugin 'BLACKHOLE'
2018-01-05T05:06:35.946929Z 0 [Note] Shutting down plugin 'ARCHIVE'
2018-01-05T05:06:35.962556Z 0 [Note] Shutting down plugin 'PERFORMANCE_SCHEMA'
2018-01-05T05:06:35.962556Z 0 [Note] Shutting down plugin 'MRG_MYISAM'
2018-01-05T05:06:35.962556Z 0 [Note] Shutting down plugin 'MyISAM'
2018-01-05T05:06:35.962556Z 0 [Note] Shutting down plugin 'INNODB_SYS_VIRTUAL'
2018-01-05T05:06:35.962556Z 0 [Note] Shutting down plugin 'INNODB_SYS_DATAFILES'
2018-01-05T05:06:35.962556Z 0 [Note] Shutting down plugin 'INNODB_SYS_TABLESPACES'
2018-01-05T05:06:35.962556Z 0 [Note] Shutting down plugin 'INNODB_SYS_FOREIGN_COLS'
2018-01-05T05:06:35.962556Z 0 [Note] Shutting down plugin 'INNODB_SYS_FOREIGN'
2018-01-05T05:06:35.962556Z 0 [Note] Shutting down plugin 'INNODB_SYS_FIELDS'
2018-01-05T05:06:35.962556Z 0 [Note] Shutting down plugin 'INNODB_SYS_COLUMNS'
2018-01-05T05:06:35.962556Z 0 [Note] Shutting down plugin 'INNODB_SYS_INDEXES'
2018-01-05T05:06:35.962556Z 0 [Note] Shutting down plugin 'INNODB_SYS_TABLESTATS'
2018-01-05T05:06:35.962556Z 0 [Note] Shutting down plugin 'INNODB_SYS_TABLES'
2018-01-05T05:06:35.962556Z 0 [Note] Shutting down plugin 'INNODB_FT_INDEX_TABLE'
2018-01-05T05:06:35.962556Z 0 [Note] Shutting down plugin 'INNODB_FT_INDEX_CACHE'
2018-01-05T05:06:35.962556Z 0 [Note] Shutting down plugin 'INNODB_FT_CONFIG'
2018-01-05T05:06:35.962556Z 0 [Note] Shutting down plugin 'INNODB_FT_BEING_DELETED'
2018-01-05T05:06:35.962556Z 0 [Note] Shutting down plugin 'INNODB_FT_DELETED'
2018-01-05T05:06:35.962556Z 0 [Note] Shutting down plugin 'INNODB_FT_DEFAULT_STOPWORD'
2018-01-05T05:06:35.962556Z 0 [Note] Shutting down plugin 'INNODB_METRICS'
2018-01-05T05:06:35.962556Z 0 [Note] Shutting down plugin 'INNODB_TEMP_TABLE_INFO'
2018-01-05T05:06:35.962556Z 0 [Note] Shutting down plugin 'INNODB_BUFFER_POOL_STATS'
2018-01-05T05:06:35.962556Z 0 [Note] Shutting down plugin 'INNODB_BUFFER_PAGE_LRU'
2018-01-05T05:06:35.962556Z 0 [Note] Shutting down plugin 'INNODB_BUFFER_PAGE'
2018-01-05T05:06:35.962556Z 0 [Note] Shutting down plugin 'INNODB_CMP_PER_INDEX_RESET'
2018-01-05T05:06:35.962556Z 0 [Note] Shutting down plugin 'INNODB_CMP_PER_INDEX'
2018-01-05T05:06:35.962556Z 0 [Note] Shutting down plugin 'INNODB_CMPMEM_RESET'
2018-01-05T05:06:35.962556Z 0 [Note] Shutting down plugin 'INNODB_CMPMEM'
2018-01-05T05:06:35.962556Z 0 [Note] Shutting down plugin 'INNODB_CMP_RESET'
2018-01-05T05:06:35.962556Z 0 [Note] Shutting down plugin 'INNODB_CMP'
2018-01-05T05:06:35.962556Z 0 [Note] Shutting down plugin 'INNODB_LOCK_WAITS'
2018-01-05T05:06:35.962556Z 0 [Note] Shutting down plugin 'INNODB_LOCKS'
2018-01-05T05:06:35.962556Z 0 [Note] Shutting down plugin 'INNODB_TRX'
2018-01-05T05:06:35.962556Z 0 [Note] Shutting down plugin 'InnoDB'
2018-01-05T05:06:41.641087Z 0 [Note] InnoDB: FTS optimize thread exiting.
2018-01-05T05:06:41.641087Z 0 [Note] InnoDB: Starting shutdown...
2018-01-05T05:06:41.753164Z 0 [Note] InnoDB: Dumping buffer pool(s) to C:\ProgramData\MySQL\MySQL Server 5.7\Data\ib_buffer_pool
2018-01-05T05:06:49.616693Z 0 [Note] InnoDB: Buffer pool(s) dump completed at 180104 22:06:49
2018-01-05T05:06:57.157721Z 0 [Note] InnoDB: Shutdown completed; log sequence number 10895903
2018-01-05T05:06:57.157721Z 0 [Note] InnoDB: Removed temporary tablespace data file: "ibtmp1"
2018-01-05T05:06:57.157721Z 0 [Note] Shutting down plugin 'MEMORY'
2018-01-05T05:06:57.157721Z 0 [Note] Shutting down plugin 'CSV'
2018-01-05T05:06:57.157721Z 0 [Note] Shutting down plugin 'sha256_password'
2018-01-05T05:06:57.157721Z 0 [Note] Shutting down plugin 'mysql_native_password'
2018-01-05T05:06:57.157721Z 0 [Note] Shutting down plugin 'binlog'
2018-01-05T05:06:57.579627Z 0 [Note] C:\Program Files\MySQL\MySQL Server 5.7\bin\mysqld.exe: Shutdown complete

2018-01-07T22:21:05.316258Z 0 [Warning] option 'read_buffer_size': unsigned value 0 adjusted to 8192
2018-01-07T22:21:05.316258Z 0 [Warning] option 'read_rnd_buffer_size': unsigned value 0 adjusted to 1
2018-01-07T22:21:05.316258Z 0 [Warning] TIMESTAMP with implicit DEFAULT value is deprecated. Please use --explicit_defaults_for_timestamp server option (see documentation for more details).
2018-01-07T22:21:05.316258Z 0 [Warning] 'NO_ZERO_DATE', 'NO_ZERO_IN_DATE' and 'ERROR_FOR_DIVISION_BY_ZERO' sql modes should be used with strict mode. They will be merged with strict mode in a future release.
2018-01-07T22:21:05.331934Z 0 [Note] C:\Program Files\MySQL\MySQL Server 5.7\bin\mysqld.exe (mysqld 5.7.20-log) starting as process 11008 ...
2018-01-07T22:21:05.400350Z 0 [Note] InnoDB: Mutexes and rw_locks use Windows interlocked functions
2018-01-07T22:21:05.400350Z 0 [Note] InnoDB: Uses event mutexes
2018-01-07T22:21:05.411866Z 0 [Note] InnoDB: _mm_lfence() and _mm_sfence() are used for memory barrier
2018-01-07T22:21:05.411866Z 0 [Note] InnoDB: Compressed tables use zlib 1.2.3
2018-01-07T22:21:05.411866Z 0 [Note] InnoDB: Adjusting innodb_buffer_pool_instances from 8 to 1 since innodb_buffer_pool_size is less than 1024 MiB
2018-01-07T22:21:05.411866Z 0 [Note] InnoDB: Number of pools: 1
2018-01-07T22:21:05.411866Z 0 [Note] InnoDB: Not using CPU crc32 instructions
2018-01-07T22:21:05.411866Z 0 [Note] InnoDB: Initializing buffer pool, total size = 8M, instances = 1, chunk size = 8M
2018-01-07T22:21:05.411866Z 0 [Note] InnoDB: Completed initialization of buffer pool
2018-01-07T22:21:05.536888Z 0 [Note] InnoDB: Highest supported file format is Barracuda.
2018-01-07T22:21:05.896395Z 0 [Note] InnoDB: Creating shared tablespace for temporary tables
2018-01-07T22:21:05.896395Z 0 [Note] InnoDB: Setting file '.\ibtmp1' size to 12 MB. Physically writing the file full; Please wait ...
2018-01-07T22:21:06.130887Z 0 [Note] InnoDB: File '.\ibtmp1' size is now 12 MB.
2018-01-07T22:21:06.146430Z 0 [Note] InnoDB: 96 redo rollback segment(s) found. 96 redo rollback segment(s) are active.
2018-01-07T22:21:06.146430Z 0 [Note] InnoDB: 32 non-redo rollback segment(s) are active.
2018-01-07T22:21:06.146430Z 0 [Note] InnoDB: 5.7.20 started; log sequence number 10895903
2018-01-07T22:21:06.146430Z 0 [Note] InnoDB: Loading buffer pool(s) from C:\ProgramData\MySQL\MySQL Server 5.7\Data\ib_buffer_pool
2018-01-07T22:21:06.146430Z 0 [Note] Plugin 'FEDERATED' is disabled.
2018-01-07T22:21:06.349570Z 0 [Warning] Failed to set up SSL because of the following SSL library error: SSL context is not usable without certificate and private key
2018-01-07T22:21:06.349570Z 0 [Note] Server hostname (bind-address): '*'; port: 3306
2018-01-07T22:21:06.349570Z 0 [Note] IPv6 is available.
2018-01-07T22:21:06.349570Z 0 [Note]   - '::' resolves to '::';
2018-01-07T22:21:06.349570Z 0 [Note] Server socket created on IP: '::'.
2018-01-07T22:21:06.412076Z 0 [Note] InnoDB: Buffer pool(s) load completed at 180107 15:21:06
2018-01-07T22:21:07.084041Z 0 [Note] Event Scheduler: Loaded 0 events
2018-01-07T22:21:07.084041Z 0 [Note] C:\Program Files\MySQL\MySQL Server 5.7\bin\mysqld.exe: ready for connections.
Version: '5.7.20-log'  socket: ''  port: 3306  MySQL Community Server (GPL)
2018-01-07T22:21:07.099651Z 0 [Note] Executing 'SELECT * FROM INFORMATION_SCHEMA.TABLES;' to get a list of tables using the deprecated partition engine. You may use the startup option '--disable-partition-engine-check' to skip this check. 
2018-01-07T22:21:07.099651Z 0 [Note] Beginning of list of non-natively partitioned tables
2018-01-07T22:21:09.055949Z 0 [Note] End of list of non-natively partitioned tables
2018-01-07T23:54:51.372133Z 0 [Note] InnoDB: page_cleaner: 1000ms intended loop took 2815704ms. The settings might not be optimal. (flushed=0 and evicted=0, during the time.)
2018-01-08T00:00:14.254559Z 0 [Note] InnoDB: page_cleaner: 1000ms intended loop took 11483ms. The settings might not be optimal. (flushed=0 and evicted=0, during the time.)
2018-01-08T00:07:18.827759Z 0 [Note] InnoDB: page_cleaner: 1000ms intended loop took 15442ms. The settings might not be optimal. (flushed=0 and evicted=0, during the time.)
2018-01-08T00:08:40.397228Z 0 [Note] InnoDB: page_cleaner: 1000ms intended loop took 7037ms. The settings might not be optimal. (flushed=0 and evicted=0, during the time.)
2018-01-08T00:10:33.166801Z 0 [Note] InnoDB: page_cleaner: 1000ms intended loop took 7921ms. The settings might not be optimal. (flushed=0 and evicted=0, during the time.)
2018-01-08T00:11:50.088261Z 0 [Note] InnoDB: page_cleaner: 1000ms intended loop took 21535ms. The settings might not be optimal. (flushed=0 and evicted=0, during the time.)
2018-01-08T00:15:39.326351Z 0 [Warning] option 'read_buffer_size': unsigned value 0 adjusted to 8192
2018-01-08T00:15:39.333998Z 0 [Warning] option 'read_rnd_buffer_size': unsigned value 0 adjusted to 1
2018-01-08T00:15:39.333998Z 0 [Warning] TIMESTAMP with implicit DEFAULT value is deprecated. Please use --explicit_defaults_for_timestamp server option (see documentation for more details).
2018-01-08T00:15:39.333998Z 0 [Warning] 'NO_ZERO_DATE', 'NO_ZERO_IN_DATE' and 'ERROR_FOR_DIVISION_BY_ZERO' sql modes should be used with strict mode. They will be merged with strict mode in a future release.
2018-01-08T00:15:39.568485Z 0 [Note] C:\Program Files\MySQL\MySQL Server 5.7\bin\mysqld.exe (mysqld 5.7.20-log) starting as process 4360 ...
2018-01-08T00:15:41.442945Z 0 [Note] InnoDB: Mutexes and rw_locks use Windows interlocked functions
2018-01-08T00:15:41.442945Z 0 [Note] InnoDB: Uses event mutexes
2018-01-08T00:15:41.442945Z 0 [Note] InnoDB: _mm_lfence() and _mm_sfence() are used for memory barrier
2018-01-08T00:15:41.442945Z 0 [Note] InnoDB: Compressed tables use zlib 1.2.3
2018-01-08T00:15:41.442945Z 0 [Note] InnoDB: Adjusting innodb_buffer_pool_instances from 8 to 1 since innodb_buffer_pool_size is less than 1024 MiB
2018-01-08T00:15:41.442945Z 0 [Note] InnoDB: Number of pools: 1
2018-01-08T00:15:41.458527Z 0 [Note] InnoDB: Not using CPU crc32 instructions
2018-01-08T00:15:41.489780Z 0 [Note] InnoDB: Initializing buffer pool, total size = 8M, instances = 1, chunk size = 8M
2018-01-08T00:15:41.489780Z 0 [Note] InnoDB: Completed initialization of buffer pool
2018-01-08T00:15:42.302752Z 0 [Note] InnoDB: Highest supported file format is Barracuda.
2018-01-08T00:15:42.365259Z 0 [Note] InnoDB: Log scan progressed past the checkpoint lsn 10900229
2018-01-08T00:15:42.365259Z 0 [Note] InnoDB: Doing recovery: scanned up to log sequence number 10900238
2018-01-08T00:15:42.365259Z 0 [Note] InnoDB: Database was not shutdown normally!
2018-01-08T00:15:42.365259Z 0 [Note] InnoDB: Starting crash recovery.
2018-01-08T00:15:59.798903Z 0 [Note] InnoDB: Removed temporary tablespace data file: "ibtmp1"
2018-01-08T00:15:59.806081Z 0 [Note] InnoDB: Creating shared tablespace for temporary tables
2018-01-08T00:15:59.843552Z 0 [Note] InnoDB: Setting file '.\ibtmp1' size to 12 MB. Physically writing the file full; Please wait ...
2018-01-08T00:16:01.384893Z 0 [Note] InnoDB: File '.\ibtmp1' size is now 12 MB.
2018-01-08T00:16:01.424659Z 0 [Note] InnoDB: 96 redo rollback segment(s) found. 96 redo rollback segment(s) are active.
2018-01-08T00:16:01.427073Z 0 [Note] InnoDB: 32 non-redo rollback segment(s) are active.
2018-01-08T00:16:01.431270Z 0 [Note] InnoDB: page_cleaner: 1000ms intended loop took 19926ms. The settings might not be optimal. (flushed=0 and evicted=0, during the time.)
2018-01-08T00:16:01.452837Z 0 [Note] InnoDB: 5.7.20 started; log sequence number 10900238
2018-01-08T00:16:01.461262Z 0 [Note] InnoDB: Loading buffer pool(s) from C:\ProgramData\MySQL\MySQL Server 5.7\Data\ib_buffer_pool
2018-01-08T00:16:01.462263Z 0 [Note] Plugin 'FEDERATED' is disabled.
2018-01-08T00:16:03.006436Z 0 [Warning] Failed to set up SSL because of the following SSL library error: SSL context is not usable without certificate and private key
2018-01-08T00:16:03.006436Z 0 [Note] Server hostname (bind-address): '*'; port: 3306
2018-01-08T00:16:03.012779Z 0 [Note] IPv6 is available.
2018-01-08T00:16:03.012990Z 0 [Note]   - '::' resolves to '::';
2018-01-08T00:16:03.013992Z 0 [Note] Server socket created on IP: '::'.
2018-01-08T00:16:04.517615Z 0 [Note] InnoDB: Buffer pool(s) load completed at 180107 17:16:04
2018-01-08T00:16:09.494134Z 0 [Note] Event Scheduler: Loaded 0 events
2018-01-08T00:16:09.496658Z 0 [Note] C:\Program Files\MySQL\MySQL Server 5.7\bin\mysqld.exe: ready for connections.
Version: '5.7.20-log'  socket: ''  port: 3306  MySQL Community Server (GPL)
2018-01-08T00:16:09.500974Z 0 [Note] Executing 'SELECT * FROM INFORMATION_SCHEMA.TABLES;' to get a list of tables using the deprecated partition engine. You may use the startup option '--disable-partition-engine-check' to skip this check. 
2018-01-08T00:16:09.501974Z 0 [Note] Beginning of list of non-natively partitioned tables
2018-01-08T00:16:14.044724Z 0 [Note] End of list of non-natively partitioned tables
2018-01-08T00:16:34.004272Z 0 [Note] C:\Program Files\MySQL\MySQL Server 5.7\bin\mysqld.exe: Normal shutdown

2018-01-08T00:16:34.004272Z 0 [Note] Giving 0 client threads a chance to die gracefully
2018-01-08T00:16:34.004272Z 0 [Note] Shutting down slave threads
2018-01-08T00:16:34.004272Z 0 [Note] Forcefully disconnecting 0 remaining clients
2018-01-08T00:16:34.004272Z 0 [Note] Event Scheduler: Purging the queue. 0 events
2018-01-08T00:16:34.004272Z 0 [Note] Binlog end
2018-01-08T00:16:34.004272Z 0 [Note] Shutting down plugin 'ngram'
2018-01-08T00:16:34.004272Z 0 [Note] Shutting down plugin 'partition'
2018-01-08T00:16:34.004272Z 0 [Note] Shutting down plugin 'BLACKHOLE'
2018-01-08T00:16:34.004272Z 0 [Note] Shutting down plugin 'ARCHIVE'
2018-01-08T00:16:34.004272Z 0 [Note] Shutting down plugin 'PERFORMANCE_SCHEMA'
2018-01-08T00:16:34.004272Z 0 [Note] Shutting down plugin 'MRG_MYISAM'
2018-01-08T00:16:34.004272Z 0 [Note] Shutting down plugin 'MyISAM'
2018-01-08T00:16:34.004272Z 0 [Note] Shutting down plugin 'INNODB_SYS_VIRTUAL'
2018-01-08T00:16:34.004272Z 0 [Note] Shutting down plugin 'INNODB_SYS_DATAFILES'
2018-01-08T00:16:34.004272Z 0 [Note] Shutting down plugin 'INNODB_SYS_TABLESPACES'
2018-01-08T00:16:34.019898Z 0 [Note] Shutting down plugin 'INNODB_SYS_FOREIGN_COLS'
2018-01-08T00:16:34.019898Z 0 [Note] Shutting down plugin 'INNODB_SYS_FOREIGN'
2018-01-08T00:16:34.019898Z 0 [Note] Shutting down plugin 'INNODB_SYS_FIELDS'
2018-01-08T00:16:34.019898Z 0 [Note] Shutting down plugin 'INNODB_SYS_COLUMNS'
2018-01-08T00:16:34.019898Z 0 [Note] Shutting down plugin 'INNODB_SYS_INDEXES'
2018-01-08T00:16:34.019898Z 0 [Note] Shutting down plugin 'INNODB_SYS_TABLESTATS'
2018-01-08T00:16:34.019898Z 0 [Note] Shutting down plugin 'INNODB_SYS_TABLES'
2018-01-08T00:16:34.019898Z 0 [Note] Shutting down plugin 'INNODB_FT_INDEX_TABLE'
2018-01-08T00:16:34.019898Z 0 [Note] Shutting down plugin 'INNODB_FT_INDEX_CACHE'
2018-01-08T00:16:34.019898Z 0 [Note] Shutting down plugin 'INNODB_FT_CONFIG'
2018-01-08T00:16:34.019898Z 0 [Note] Shutting down plugin 'INNODB_FT_BEING_DELETED'
2018-01-08T00:16:34.019898Z 0 [Note] Shutting down plugin 'INNODB_FT_DELETED'
2018-01-08T00:16:34.019898Z 0 [Note] Shutting down plugin 'INNODB_FT_DEFAULT_STOPWORD'
2018-01-08T00:16:34.019898Z 0 [Note] Shutting down plugin 'INNODB_METRICS'
2018-01-08T00:16:34.019898Z 0 [Note] Shutting down plugin 'INNODB_TEMP_TABLE_INFO'
2018-01-08T00:16:34.019898Z 0 [Note] Shutting down plugin 'INNODB_BUFFER_POOL_STATS'
2018-01-08T00:16:34.019898Z 0 [Note] Shutting down plugin 'INNODB_BUFFER_PAGE_LRU'
2018-01-08T00:16:34.019898Z 0 [Note] Shutting down plugin 'INNODB_BUFFER_PAGE'
2018-01-08T00:16:34.019898Z 0 [Note] Shutting down plugin 'INNODB_CMP_PER_INDEX_RESET'
2018-01-08T00:16:34.019898Z 0 [Note] Shutting down plugin 'INNODB_CMP_PER_INDEX'
2018-01-08T00:16:34.019898Z 0 [Note] Shutting down plugin 'INNODB_CMPMEM_RESET'
2018-01-08T00:16:34.019898Z 0 [Note] Shutting down plugin 'INNODB_CMPMEM'
2018-01-08T00:16:34.019898Z 0 [Note] Shutting down plugin 'INNODB_CMP_RESET'
2018-01-08T00:16:34.019898Z 0 [Note] Shutting down plugin 'INNODB_CMP'
2018-01-08T00:16:34.019898Z 0 [Note] Shutting down plugin 'INNODB_LOCK_WAITS'
2018-01-08T00:16:34.019898Z 0 [Note] Shutting down plugin 'INNODB_LOCKS'
2018-01-08T00:16:34.019898Z 0 [Note] Shutting down plugin 'INNODB_TRX'
2018-01-08T00:16:34.019898Z 0 [Note] Shutting down plugin 'InnoDB'
2018-01-08T00:16:34.019898Z 0 [Note] InnoDB: FTS optimize thread exiting.
2018-01-08T00:16:34.019898Z 0 [Note] InnoDB: Starting shutdown...
2018-01-08T00:16:34.144911Z 0 [Note] InnoDB: Dumping buffer pool(s) to C:\ProgramData\MySQL\MySQL Server 5.7\Data\ib_buffer_pool
2018-01-08T00:16:34.394937Z 0 [Note] InnoDB: Buffer pool(s) dump completed at 180107 17:16:34
2018-01-08T00:16:35.848302Z 0 [Note] InnoDB: Shutdown completed; log sequence number 10900266
2018-01-08T00:16:35.848302Z 0 [Note] InnoDB: Removed temporary tablespace data file: "ibtmp1"
2018-01-08T00:16:35.848302Z 0 [Note] Shutting down plugin 'MEMORY'
2018-01-08T00:16:35.848302Z 0 [Note] Shutting down plugin 'CSV'
2018-01-08T00:16:35.848302Z 0 [Note] Shutting down plugin 'sha256_password'
2018-01-08T00:16:35.848302Z 0 [Note] Shutting down plugin 'mysql_native_password'
2018-01-08T00:16:35.848302Z 0 [Note] Shutting down plugin 'binlog'
2018-01-08T00:16:35.957702Z 0 [Note] C:\Program Files\MySQL\MySQL Server 5.7\bin\mysqld.exe: Shutdown complete

2018-01-08T03:44:15.726616Z 0 [Warning] option 'read_buffer_size': unsigned value 0 adjusted to 8192
2018-01-08T03:44:15.726616Z 0 [Warning] option 'read_rnd_buffer_size': unsigned value 0 adjusted to 1
2018-01-08T03:44:15.726616Z 0 [Warning] TIMESTAMP with implicit DEFAULT value is deprecated. Please use --explicit_defaults_for_timestamp server option (see documentation for more details).
2018-01-08T03:44:15.726616Z 0 [Warning] 'NO_ZERO_DATE', 'NO_ZERO_IN_DATE' and 'ERROR_FOR_DIVISION_BY_ZERO' sql modes should be used with strict mode. They will be merged with strict mode in a future release.
2018-01-08T03:44:16.080822Z 0 [Note] C:\Program Files\MySQL\MySQL Server 5.7\bin\mysqld.exe (mysqld 5.7.20-log) starting as process 5456 ...
2018-01-08T03:44:16.892929Z 0 [Note] InnoDB: Mutexes and rw_locks use Windows interlocked functions
2018-01-08T03:44:16.892929Z 0 [Note] InnoDB: Uses event mutexes
2018-01-08T03:44:16.894551Z 0 [Note] InnoDB: _mm_lfence() and _mm_sfence() are used for memory barrier
2018-01-08T03:44:16.895884Z 0 [Note] InnoDB: Compressed tables use zlib 1.2.3
2018-01-08T03:44:16.896937Z 0 [Note] InnoDB: Adjusting innodb_buffer_pool_instances from 8 to 1 since innodb_buffer_pool_size is less than 1024 MiB
2018-01-08T03:44:16.898019Z 0 [Note] InnoDB: Number of pools: 1
2018-01-08T03:44:16.899194Z 0 [Note] InnoDB: Not using CPU crc32 instructions
2018-01-08T03:44:17.021585Z 0 [Note] InnoDB: Initializing buffer pool, total size = 8M, instances = 1, chunk size = 8M
2018-01-08T03:44:17.022623Z 0 [Note] InnoDB: Completed initialization of buffer pool
2018-01-08T03:44:17.249152Z 0 [Note] InnoDB: Highest supported file format is Barracuda.
2018-01-08T03:44:32.785518Z 0 [Note] InnoDB: Creating shared tablespace for temporary tables
2018-01-08T03:44:32.816759Z 0 [Note] InnoDB: Setting file '.\ibtmp1' size to 12 MB. Physically writing the file full; Please wait ...
2018-01-08T03:44:33.113685Z 0 [Note] InnoDB: File '.\ibtmp1' size is now 12 MB.
2018-01-08T03:44:33.128321Z 0 [Note] InnoDB: 96 redo rollback segment(s) found. 96 redo rollback segment(s) are active.
2018-01-08T03:44:33.156718Z 0 [Note] InnoDB: 32 non-redo rollback segment(s) are active.
2018-01-08T03:44:33.158006Z 0 [Note] InnoDB: page_cleaner: 1000ms intended loop took 16104ms. The settings might not be optimal. (flushed=0 and evicted=0, during the time.)
2018-01-08T03:44:33.159007Z 0 [Note] InnoDB: 5.7.20 started; log sequence number 10900266
2018-01-08T03:44:33.166641Z 0 [Note] InnoDB: Loading buffer pool(s) from C:\ProgramData\MySQL\MySQL Server 5.7\Data\ib_buffer_pool
2018-01-08T03:44:33.166641Z 0 [Note] Plugin 'FEDERATED' is disabled.
2018-01-08T03:44:33.440557Z 0 [Warning] Failed to set up SSL because of the following SSL library error: SSL context is not usable without certificate and private key
2018-01-08T03:44:33.441382Z 0 [Note] Server hostname (bind-address): '*'; port: 3306
2018-01-08T03:44:33.442014Z 0 [Note] IPv6 is available.
2018-01-08T03:44:33.442014Z 0 [Note]   - '::' resolves to '::';
2018-01-08T03:44:33.443016Z 0 [Note] Server socket created on IP: '::'.
2018-01-08T03:44:33.769064Z 0 [Note] InnoDB: Buffer pool(s) load completed at 180107 20:44:33
2018-01-08T03:44:34.236597Z 0 [Note] Event Scheduler: Loaded 0 events
2018-01-08T03:44:34.236597Z 0 [Note] C:\Program Files\MySQL\MySQL Server 5.7\bin\mysqld.exe: ready for connections.
Version: '5.7.20-log'  socket: ''  port: 3306  MySQL Community Server (GPL)
2018-01-08T03:44:34.236597Z 0 [Note] Executing 'SELECT * FROM INFORMATION_SCHEMA.TABLES;' to get a list of tables using the deprecated partition engine. You may use the startup option '--disable-partition-engine-check' to skip this check. 
2018-01-08T03:44:34.236597Z 0 [Note] Beginning of list of non-natively partitioned tables
2018-01-08T03:44:34.993255Z 0 [Note] End of list of non-natively partitioned tables
2018-01-08T04:00:16.307688Z 0 [Note] InnoDB: page_cleaner: 1000ms intended loop took 880808ms. The settings might not be optimal. (flushed=0 and evicted=0, during the time.)
2018-01-08T04:07:31.348855Z 0 [Note] InnoDB: page_cleaner: 1000ms intended loop took 405807ms. The settings might not be optimal. (flushed=0 and evicted=0, during the time.)
2018-01-08T04:23:31.646318Z 0 [Note] InnoDB: page_cleaner: 1000ms intended loop took 8767ms. The settings might not be optimal. (flushed=0 and evicted=0, during the time.)
2018-01-08T04:25:28.489675Z 0 [Warning] option 'read_buffer_size': unsigned value 0 adjusted to 8192
2018-01-08T04:25:28.489675Z 0 [Warning] option 'read_rnd_buffer_size': unsigned value 0 adjusted to 1
2018-01-08T04:25:28.489675Z 0 [Warning] TIMESTAMP with implicit DEFAULT value is deprecated. Please use --explicit_defaults_for_timestamp server option (see documentation for more details).
2018-01-08T04:25:28.489675Z 0 [Warning] 'NO_ZERO_DATE', 'NO_ZERO_IN_DATE' and 'ERROR_FOR_DIVISION_BY_ZERO' sql modes should be used with strict mode. They will be merged with strict mode in a future release.
2018-01-08T04:25:29.233373Z 0 [Note] C:\Program Files\MySQL\MySQL Server 5.7\bin\mysqld.exe (mysqld 5.7.20-log) starting as process 4132 ...
2018-01-08T04:25:29.823127Z 0 [Note] InnoDB: Mutexes and rw_locks use Windows interlocked functions
2018-01-08T04:25:29.823127Z 0 [Note] InnoDB: Uses event mutexes
2018-01-08T04:25:29.830311Z 0 [Note] InnoDB: _mm_lfence() and _mm_sfence() are used for memory barrier
2018-01-08T04:25:29.830311Z 0 [Note] InnoDB: Compressed tables use zlib 1.2.3
2018-01-08T04:25:29.830311Z 0 [Note] InnoDB: Adjusting innodb_buffer_pool_instances from 8 to 1 since innodb_buffer_pool_size is less than 1024 MiB
2018-01-08T04:25:29.831314Z 0 [Note] InnoDB: Number of pools: 1
2018-01-08T04:25:29.832316Z 0 [Note] InnoDB: Not using CPU crc32 instructions
2018-01-08T04:25:29.862698Z 0 [Note] InnoDB: Initializing buffer pool, total size = 8M, instances = 1, chunk size = 8M
2018-01-08T04:25:29.866168Z 0 [Note] InnoDB: Completed initialization of buffer pool
2018-01-08T04:25:30.821103Z 0 [Note] InnoDB: Highest supported file format is Barracuda.
2018-01-08T04:25:31.011533Z 0 [Note] InnoDB: Log scan progressed past the checkpoint lsn 10900285
2018-01-08T04:25:31.012677Z 0 [Note] InnoDB: Doing recovery: scanned up to log sequence number 10900294
2018-01-08T04:25:31.012677Z 0 [Note] InnoDB: Database was not shutdown normally!
2018-01-08T04:25:31.012677Z 0 [Note] InnoDB: Starting crash recovery.
2018-01-08T04:25:54.481285Z 0 [Note] InnoDB: Removed temporary tablespace data file: "ibtmp1"
2018-01-08T04:25:54.481285Z 0 [Note] InnoDB: Creating shared tablespace for temporary tables
2018-01-08T04:25:54.486168Z 0 [Note] InnoDB: Setting file '.\ibtmp1' size to 12 MB. Physically writing the file full; Please wait ...
2018-01-08T04:25:55.121592Z 0 [Note] InnoDB: File '.\ibtmp1' size is now 12 MB.
2018-01-08T04:25:55.311150Z 0 [Note] InnoDB: 96 redo rollback segment(s) found. 96 redo rollback segment(s) are active.
2018-01-08T04:25:55.311150Z 0 [Note] InnoDB: 32 non-redo rollback segment(s) are active.
2018-01-08T04:25:55.314159Z 0 [Note] InnoDB: page_cleaner: 1000ms intended loop took 25447ms. The settings might not be optimal. (flushed=0 and evicted=0, during the time.)
2018-01-08T04:25:55.324256Z 0 [Note] InnoDB: 5.7.20 started; log sequence number 10900294
2018-01-08T04:25:55.329129Z 0 [Note] InnoDB: Loading buffer pool(s) from C:\ProgramData\MySQL\MySQL Server 5.7\Data\ib_buffer_pool
2018-01-08T04:25:55.329129Z 0 [Note] Plugin 'FEDERATED' is disabled.
2018-01-08T04:25:56.010052Z 0 [Warning] Failed to set up SSL because of the following SSL library error: SSL context is not usable without certificate and private key
2018-01-08T04:25:56.010052Z 0 [Note] Server hostname (bind-address): '*'; port: 3306
2018-01-08T04:25:56.010052Z 0 [Note] IPv6 is available.
2018-01-08T04:25:56.010052Z 0 [Note]   - '::' resolves to '::';
2018-01-08T04:25:56.010052Z 0 [Note] Server socket created on IP: '::'.
2018-01-08T04:25:56.478864Z 0 [Note] InnoDB: Buffer pool(s) load completed at 180107 21:25:56
2018-01-08T04:25:58.437177Z 0 [Note] Event Scheduler: Loaded 0 events
2018-01-08T04:25:58.437177Z 0 [Note] C:\Program Files\MySQL\MySQL Server 5.7\bin\mysqld.exe: ready for connections.
Version: '5.7.20-log'  socket: ''  port: 3306  MySQL Community Server (GPL)
2018-01-08T04:25:58.593464Z 0 [Note] Executing 'SELECT * FROM INFORMATION_SCHEMA.TABLES;' to get a list of tables using the deprecated partition engine. You may use the startup option '--disable-partition-engine-check' to skip this check. 
2018-01-08T04:25:58.593464Z 0 [Note] Beginning of list of non-natively partitioned tables
2018-01-08T04:26:02.144971Z 0 [Note] End of list of non-natively partitioned tables
2018-01-08T04:26:34.411492Z 0 [Note] C:\Program Files\MySQL\MySQL Server 5.7\bin\mysqld.exe: Normal shutdown

2018-01-08T04:26:34.427118Z 0 [Note] Giving 0 client threads a chance to die gracefully
2018-01-08T04:26:34.427118Z 0 [Note] Shutting down slave threads
2018-01-08T04:26:34.427118Z 0 [Note] Forcefully disconnecting 0 remaining clients
2018-01-08T04:26:34.427118Z 0 [Note] Event Scheduler: Purging the queue. 0 events
2018-01-08T04:26:34.427118Z 0 [Note] Binlog end
2018-01-08T04:26:34.427118Z 0 [Note] Shutting down plugin 'ngram'
2018-01-08T04:26:34.427118Z 0 [Note] Shutting down plugin 'partition'
2018-01-08T04:26:34.427118Z 0 [Note] Shutting down plugin 'BLACKHOLE'
2018-01-08T04:26:34.427118Z 0 [Note] Shutting down plugin 'ARCHIVE'
2018-01-08T04:26:34.427118Z 0 [Note] Shutting down plugin 'PERFORMANCE_SCHEMA'
2018-01-08T04:26:34.427118Z 0 [Note] Shutting down plugin 'MRG_MYISAM'
2018-01-08T04:26:34.427118Z 0 [Note] Shutting down plugin 'MyISAM'
2018-01-08T04:26:34.427118Z 0 [Note] Shutting down plugin 'INNODB_SYS_VIRTUAL'
2018-01-08T04:26:34.427118Z 0 [Note] Shutting down plugin 'INNODB_SYS_DATAFILES'
2018-01-08T04:26:34.427118Z 0 [Note] Shutting down plugin 'INNODB_SYS_TABLESPACES'
2018-01-08T04:26:34.427118Z 0 [Note] Shutting down plugin 'INNODB_SYS_FOREIGN_COLS'
2018-01-08T04:26:34.427118Z 0 [Note] Shutting down plugin 'INNODB_SYS_FOREIGN'
2018-01-08T04:26:34.427118Z 0 [Note] Shutting down plugin 'INNODB_SYS_FIELDS'
2018-01-08T04:26:34.427118Z 0 [Note] Shutting down plugin 'INNODB_SYS_COLUMNS'
2018-01-08T04:26:34.427118Z 0 [Note] Shutting down plugin 'INNODB_SYS_INDEXES'
2018-01-08T04:26:34.427118Z 0 [Note] Shutting down plugin 'INNODB_SYS_TABLESTATS'
2018-01-08T04:26:34.442745Z 0 [Note] Shutting down plugin 'INNODB_SYS_TABLES'
2018-01-08T04:26:34.442745Z 0 [Note] Shutting down plugin 'INNODB_FT_INDEX_TABLE'
2018-01-08T04:26:34.442745Z 0 [Note] Shutting down plugin 'INNODB_FT_INDEX_CACHE'
2018-01-08T04:26:34.442745Z 0 [Note] Shutting down plugin 'INNODB_FT_CONFIG'
2018-01-08T04:26:34.442745Z 0 [Note] Shutting down plugin 'INNODB_FT_BEING_DELETED'
2018-01-08T04:26:34.442745Z 0 [Note] Shutting down plugin 'INNODB_FT_DELETED'
2018-01-08T04:26:34.442745Z 0 [Note] Shutting down plugin 'INNODB_FT_DEFAULT_STOPWORD'
2018-01-08T04:26:34.442745Z 0 [Note] Shutting down plugin 'INNODB_METRICS'
2018-01-08T04:26:34.442745Z 0 [Note] Shutting down plugin 'INNODB_TEMP_TABLE_INFO'
2018-01-08T04:26:34.442745Z 0 [Note] Shutting down plugin 'INNODB_BUFFER_POOL_STATS'
2018-01-08T04:26:34.442745Z 0 [Note] Shutting down plugin 'INNODB_BUFFER_PAGE_LRU'
2018-01-08T04:26:34.442745Z 0 [Note] Shutting down plugin 'INNODB_BUFFER_PAGE'
2018-01-08T04:26:34.442745Z 0 [Note] Shutting down plugin 'INNODB_CMP_PER_INDEX_RESET'
2018-01-08T04:26:34.442745Z 0 [Note] Shutting down plugin 'INNODB_CMP_PER_INDEX'
2018-01-08T04:26:34.442745Z 0 [Note] Shutting down plugin 'INNODB_CMPMEM_RESET'
2018-01-08T04:26:34.442745Z 0 [Note] Shutting down plugin 'INNODB_CMPMEM'
2018-01-08T04:26:34.442745Z 0 [Note] Shutting down plugin 'INNODB_CMP_RESET'
2018-01-08T04:26:34.442745Z 0 [Note] Shutting down plugin 'INNODB_CMP'
2018-01-08T04:26:34.442745Z 0 [Note] Shutting down plugin 'INNODB_LOCK_WAITS'
2018-01-08T04:26:34.442745Z 0 [Note] Shutting down plugin 'INNODB_LOCKS'
2018-01-08T04:26:34.442745Z 0 [Note] Shutting down plugin 'INNODB_TRX'
2018-01-08T04:26:34.442745Z 0 [Note] Shutting down plugin 'InnoDB'
2018-01-08T04:26:34.442745Z 0 [Note] InnoDB: FTS optimize thread exiting.
2018-01-08T04:26:34.442745Z 0 [Note] InnoDB: Starting shutdown...
2018-01-08T04:26:34.661525Z 0 [Note] InnoDB: Dumping buffer pool(s) to C:\ProgramData\MySQL\MySQL Server 5.7\Data\ib_buffer_pool
2018-01-08T04:26:34.677146Z 0 [Note] InnoDB: Buffer pool(s) dump completed at 180107 21:26:34
2018-01-08T04:26:35.536614Z 0 [Note] InnoDB: Shutdown completed; log sequence number 10900322
2018-01-08T04:26:35.536614Z 0 [Note] InnoDB: Removed temporary tablespace data file: "ibtmp1"
2018-01-08T04:26:35.536614Z 0 [Note] Shutting down plugin 'MEMORY'
2018-01-08T04:26:35.536614Z 0 [Note] Shutting down plugin 'CSV'
2018-01-08T04:26:35.536614Z 0 [Note] Shutting down plugin 'sha256_password'
2018-01-08T04:26:35.536614Z 0 [Note] Shutting down plugin 'mysql_native_password'
2018-01-08T04:26:35.536614Z 0 [Note] Shutting down plugin 'binlog'
2018-01-08T04:26:35.661654Z 0 [Note] C:\Program Files\MySQL\MySQL Server 5.7\bin\mysqld.exe: Shutdown complete

2018-01-08T04:28:28.535380Z 0 [Warning] option 'read_buffer_size': unsigned value 0 adjusted to 8192
2018-01-08T04:28:28.535380Z 0 [Warning] option 'read_rnd_buffer_size': unsigned value 0 adjusted to 1
2018-01-08T04:28:28.535380Z 0 [Warning] TIMESTAMP with implicit DEFAULT value is deprecated. Please use --explicit_defaults_for_timestamp server option (see documentation for more details).
2018-01-08T04:28:28.535380Z 0 [Warning] 'NO_ZERO_DATE', 'NO_ZERO_IN_DATE' and 'ERROR_FOR_DIVISION_BY_ZERO' sql modes should be used with strict mode. They will be merged with strict mode in a future release.
2018-01-08T04:28:28.832287Z 0 [Note] C:\Program Files\MySQL\MySQL Server 5.7\bin\mysqld.exe (mysqld 5.7.20-log) starting as process 4292 ...
2018-01-08T04:28:29.894904Z 0 [Note] InnoDB: Mutexes and rw_locks use Windows interlocked functions
2018-01-08T04:28:29.894904Z 0 [Note] InnoDB: Uses event mutexes
2018-01-08T04:28:29.894904Z 0 [Note] InnoDB: _mm_lfence() and _mm_sfence() are used for memory barrier
2018-01-08T04:28:29.894904Z 0 [Note] InnoDB: Compressed tables use zlib 1.2.3
2018-01-08T04:28:29.894904Z 0 [Note] InnoDB: Adjusting innodb_buffer_pool_instances from 8 to 1 since innodb_buffer_pool_size is less than 1024 MiB
2018-01-08T04:28:29.894904Z 0 [Note] InnoDB: Number of pools: 1
2018-01-08T04:28:29.894904Z 0 [Note] InnoDB: Not using CPU crc32 instructions
2018-01-08T04:28:29.973036Z 0 [Note] InnoDB: Initializing buffer pool, total size = 8M, instances = 1, chunk size = 8M
2018-01-08T04:28:29.973036Z 0 [Note] InnoDB: Completed initialization of buffer pool
2018-01-08T04:28:30.191837Z 0 [Note] InnoDB: Highest supported file format is Barracuda.
2018-01-08T04:28:36.650091Z 0 [Note] InnoDB: Creating shared tablespace for temporary tables
2018-01-08T04:28:36.665753Z 0 [Note] InnoDB: Setting file '.\ibtmp1' size to 12 MB. Physically writing the file full; Please wait ...
2018-01-08T04:28:37.291043Z 0 [Note] InnoDB: File '.\ibtmp1' size is now 12 MB.
2018-01-08T04:28:37.447229Z 0 [Note] InnoDB: 96 redo rollback segment(s) found. 96 redo rollback segment(s) are active.
2018-01-08T04:28:37.447229Z 0 [Note] InnoDB: 32 non-redo rollback segment(s) are active.
2018-01-08T04:28:37.447229Z 0 [Note] InnoDB: Waiting for purge to start
2018-01-08T04:28:37.518558Z 0 [Note] InnoDB: page_cleaner: 1000ms intended loop took 7545ms. The settings might not be optimal. (flushed=0 and evicted=0, during the time.)
2018-01-08T04:28:37.911155Z 0 [Note] InnoDB: 5.7.20 started; log sequence number 10900322
2018-01-08T04:28:37.911155Z 0 [Note] InnoDB: Loading buffer pool(s) from C:\ProgramData\MySQL\MySQL Server 5.7\Data\ib_buffer_pool
2018-01-08T04:28:37.911155Z 0 [Note] Plugin 'FEDERATED' is disabled.
2018-01-08T04:28:38.906168Z 0 [Warning] Failed to set up SSL because of the following SSL library error: SSL context is not usable without certificate and private key
2018-01-08T04:28:38.906168Z 0 [Note] Server hostname (bind-address): '*'; port: 3306
2018-01-08T04:28:38.906168Z 0 [Note] IPv6 is available.
2018-01-08T04:28:38.906168Z 0 [Note]   - '::' resolves to '::';
2018-01-08T04:28:38.906168Z 0 [Note] Server socket created on IP: '::'.
2018-01-08T04:28:39.109409Z 0 [Note] InnoDB: Buffer pool(s) load completed at 180107 21:28:39
2018-01-08T04:28:39.421848Z 0 [Note] Event Scheduler: Loaded 0 events
2018-01-08T04:28:39.421848Z 0 [Note] C:\Program Files\MySQL\MySQL Server 5.7\bin\mysqld.exe: ready for connections.
Version: '5.7.20-log'  socket: ''  port: 3306  MySQL Community Server (GPL)
2018-01-08T04:28:39.421848Z 0 [Note] Executing 'SELECT * FROM INFORMATION_SCHEMA.TABLES;' to get a list of tables using the deprecated partition engine. You may use the startup option '--disable-partition-engine-check' to skip this check. 
2018-01-08T04:28:39.421848Z 0 [Note] Beginning of list of non-natively partitioned tables
2018-01-08T04:28:40.203264Z 0 [Note] End of list of non-natively partitioned tables
2018-01-08T15:01:17.793335Z 0 [Note] InnoDB: page_cleaner: 1000ms intended loop took 37567896ms. The settings might not be optimal. (flushed=0 and evicted=0, during the time.)
2018-01-08T20:07:19.616068Z 0 [Note] InnoDB: page_cleaner: 1000ms intended loop took 4377656ms. The settings might not be optimal. (flushed=0 and evicted=0, during the time.)
2018-01-08T23:15:49.554107Z 0 [Note] InnoDB: page_cleaner: 1000ms intended loop took 9060095ms. The settings might not be optimal. (flushed=0 and evicted=0, during the time.)
2018-01-09T23:15:36.098222Z 0 [Note] InnoDB: page_cleaner: 1000ms intended loop took 62038986ms. The settings might not be optimal. (flushed=0 and evicted=0, during the time.)
2018-01-09T23:25:40.841994Z 0 [Note] C:\Program Files\MySQL\MySQL Server 5.7\bin\mysqld.exe: Normal shutdown

2018-01-09T23:25:43.107864Z 0 [Note] Giving 0 client threads a chance to die gracefully
2018-01-09T23:25:43.107864Z 0 [Note] Shutting down slave threads
2018-01-09T23:25:43.654798Z 0 [Note] Forcefully disconnecting 0 remaining clients
2018-01-09T23:25:43.826690Z 0 [Note] Event Scheduler: Purging the queue. 0 events
2018-01-09T23:25:46.655122Z 0 [Note] Binlog end
2018-01-09T23:25:52.030752Z 0 [Note] Shutting down plugin 'ngram'
2018-01-09T23:25:52.348270Z 0 [Note] Shutting down plugin 'partition'
2018-01-09T23:25:52.348771Z 0 [Note] Shutting down plugin 'BLACKHOLE'
2018-01-09T23:25:52.348771Z 0 [Note] Shutting down plugin 'ARCHIVE'
2018-01-09T23:25:52.349271Z 0 [Note] Shutting down plugin 'PERFORMANCE_SCHEMA'
2018-01-09T23:25:52.508171Z 0 [Note] Shutting down plugin 'MRG_MYISAM'
2018-01-09T23:25:52.711338Z 0 [Note] Shutting down plugin 'MyISAM'
2018-01-09T23:25:52.711338Z 0 [Note] Shutting down plugin 'INNODB_SYS_VIRTUAL'
2018-01-09T23:25:52.711338Z 0 [Note] Shutting down plugin 'INNODB_SYS_DATAFILES'
2018-01-09T23:25:52.711338Z 0 [Note] Shutting down plugin 'INNODB_SYS_TABLESPACES'
2018-01-09T23:25:52.711338Z 0 [Note] Shutting down plugin 'INNODB_SYS_FOREIGN_COLS'
2018-01-09T23:25:52.711338Z 0 [Note] Shutting down plugin 'INNODB_SYS_FOREIGN'
2018-01-09T23:25:52.711338Z 0 [Note] Shutting down plugin 'INNODB_SYS_FIELDS'
2018-01-09T23:25:52.711338Z 0 [Note] Shutting down plugin 'INNODB_SYS_COLUMNS'
2018-01-09T23:25:52.711338Z 0 [Note] Shutting down plugin 'INNODB_SYS_INDEXES'
2018-01-09T23:25:52.711338Z 0 [Note] Shutting down plugin 'INNODB_SYS_TABLESTATS'
2018-01-09T23:25:52.711338Z 0 [Note] Shutting down plugin 'INNODB_SYS_TABLES'
2018-01-09T23:25:52.711338Z 0 [Note] Shutting down plugin 'INNODB_FT_INDEX_TABLE'
2018-01-09T23:25:52.711338Z 0 [Note] Shutting down plugin 'INNODB_FT_INDEX_CACHE'
2018-01-09T23:25:52.711338Z 0 [Note] Shutting down plugin 'INNODB_FT_CONFIG'
2018-01-09T23:25:52.711338Z 0 [Note] Shutting down plugin 'INNODB_FT_BEING_DELETED'
2018-01-09T23:25:52.711338Z 0 [Note] Shutting down plugin 'INNODB_FT_DELETED'
2018-01-09T23:25:52.711338Z 0 [Note] Shutting down plugin 'INNODB_FT_DEFAULT_STOPWORD'
2018-01-09T23:25:52.711338Z 0 [Note] Shutting down plugin 'INNODB_METRICS'
2018-01-09T23:25:52.711338Z 0 [Note] Shutting down plugin 'INNODB_TEMP_TABLE_INFO'
2018-01-09T23:25:52.711338Z 0 [Note] Shutting down plugin 'INNODB_BUFFER_POOL_STATS'
2018-01-09T23:25:52.711338Z 0 [Note] Shutting down plugin 'INNODB_BUFFER_PAGE_LRU'
2018-01-09T23:25:52.711338Z 0 [Note] Shutting down plugin 'INNODB_BUFFER_PAGE'
2018-01-09T23:25:52.711338Z 0 [Note] Shutting down plugin 'INNODB_CMP_PER_INDEX_RESET'
2018-01-09T23:25:52.711338Z 0 [Note] Shutting down plugin 'INNODB_CMP_PER_INDEX'
2018-01-09T23:25:52.711338Z 0 [Note] Shutting down plugin 'INNODB_CMPMEM_RESET'
2018-01-09T23:25:52.711338Z 0 [Note] Shutting down plugin 'INNODB_CMPMEM'
2018-01-09T23:25:52.711338Z 0 [Note] Shutting down plugin 'INNODB_CMP_RESET'
2018-01-09T23:25:52.711338Z 0 [Note] Shutting down plugin 'INNODB_CMP'
2018-01-09T23:25:52.711338Z 0 [Note] Shutting down plugin 'INNODB_LOCK_WAITS'
2018-01-09T23:25:52.711338Z 0 [Note] Shutting down plugin 'INNODB_LOCKS'
2018-01-09T23:25:52.711338Z 0 [Note] Shutting down plugin 'INNODB_TRX'
2018-01-09T23:25:52.711338Z 0 [Note] Shutting down plugin 'InnoDB'
2018-01-09T23:25:53.102023Z 0 [Note] InnoDB: FTS optimize thread exiting.
2018-01-09T23:25:53.102023Z 0 [Note] InnoDB: Starting shutdown...
2018-01-09T23:25:53.336406Z 0 [Note] InnoDB: Dumping buffer pool(s) to C:\ProgramData\MySQL\MySQL Server 5.7\Data\ib_buffer_pool
2018-01-09T23:25:53.445808Z 0 [Note] InnoDB: Buffer pool(s) dump completed at 180109 16:25:53
2018-01-09T23:25:55.164645Z 0 [Note] InnoDB: Shutdown completed; log sequence number 10900350
2018-01-09T23:25:55.227262Z 0 [Note] InnoDB: Removed temporary tablespace data file: "ibtmp1"
2018-01-09T23:25:55.227262Z 0 [Note] Shutting down plugin 'MEMORY'
2018-01-09T23:25:55.227262Z 0 [Note] Shutting down plugin 'CSV'
2018-01-09T23:25:55.227262Z 0 [Note] Shutting down plugin 'sha256_password'
2018-01-09T23:25:55.227262Z 0 [Note] Shutting down plugin 'mysql_native_password'
2018-01-09T23:25:55.242865Z 0 [Note] Shutting down plugin 'binlog'
2018-01-09T23:25:55.446022Z 0 [Note] C:\Program Files\MySQL\MySQL Server 5.7\bin\mysqld.exe: Shutdown complete

2018-01-09T23:27:06.313271Z 0 [Warning] option 'read_buffer_size': unsigned value 0 adjusted to 8192
2018-01-09T23:27:06.313772Z 0 [Warning] option 'read_rnd_buffer_size': unsigned value 0 adjusted to 1
2018-01-09T23:27:06.313772Z 0 [Warning] TIMESTAMP with implicit DEFAULT value is deprecated. Please use --explicit_defaults_for_timestamp server option (see documentation for more details).
2018-01-09T23:27:06.313772Z 0 [Warning] 'NO_ZERO_DATE', 'NO_ZERO_IN_DATE' and 'ERROR_FOR_DIVISION_BY_ZERO' sql modes should be used with strict mode. They will be merged with strict mode in a future release.
2018-01-09T23:27:06.403430Z 0 [Note] C:\Program Files\MySQL\MySQL Server 5.7\bin\mysqld.exe (mysqld 5.7.20-log) starting as process 4252 ...
2018-01-09T23:27:06.603759Z 0 [Note] InnoDB: Mutexes and rw_locks use Windows interlocked functions
2018-01-09T23:27:06.603759Z 0 [Note] InnoDB: Uses event mutexes
2018-01-09T23:27:06.603759Z 0 [Note] InnoDB: _mm_lfence() and _mm_sfence() are used for memory barrier
2018-01-09T23:27:06.603759Z 0 [Note] InnoDB: Compressed tables use zlib 1.2.3
2018-01-09T23:27:06.603759Z 0 [Note] InnoDB: Adjusting innodb_buffer_pool_instances from 8 to 1 since innodb_buffer_pool_size is less than 1024 MiB
2018-01-09T23:27:06.603759Z 0 [Note] InnoDB: Number of pools: 1
2018-01-09T23:27:06.603759Z 0 [Note] InnoDB: Not using CPU crc32 instructions
2018-01-09T23:27:06.639527Z 0 [Note] InnoDB: Initializing buffer pool, total size = 8M, instances = 1, chunk size = 8M
2018-01-09T23:27:06.641532Z 0 [Note] InnoDB: Completed initialization of buffer pool
2018-01-09T23:27:06.844682Z 0 [Note] InnoDB: Highest supported file format is Barracuda.
2018-01-09T23:27:07.157215Z 0 [Note] InnoDB: Creating shared tablespace for temporary tables
2018-01-09T23:27:07.157215Z 0 [Note] InnoDB: Setting file '.\ibtmp1' size to 12 MB. Physically writing the file full; Please wait ...
2018-01-09T23:27:07.938631Z 0 [Note] InnoDB: File '.\ibtmp1' size is now 12 MB.
2018-01-09T23:27:08.079275Z 0 [Note] InnoDB: 96 redo rollback segment(s) found. 96 redo rollback segment(s) are active.
2018-01-09T23:27:08.079275Z 0 [Note] InnoDB: 32 non-redo rollback segment(s) are active.
2018-01-09T23:27:08.079275Z 0 [Note] InnoDB: 5.7.20 started; log sequence number 10900350
2018-01-09T23:27:08.079275Z 0 [Note] Plugin 'FEDERATED' is disabled.
2018-01-09T23:27:08.079275Z 0 [Note] InnoDB: Loading buffer pool(s) from C:\ProgramData\MySQL\MySQL Server 5.7\Data\ib_buffer_pool
2018-01-09T23:27:08.923028Z 0 [Warning] Failed to set up SSL because of the following SSL library error: SSL context is not usable without certificate and private key
2018-01-09T23:27:08.923028Z 0 [Note] Server hostname (bind-address): '*'; port: 3306
2018-01-09T23:27:08.923028Z 0 [Note] IPv6 is available.
2018-01-09T23:27:08.923028Z 0 [Note]   - '::' resolves to '::';
2018-01-09T23:27:08.923028Z 0 [Note] Server socket created on IP: '::'.
2018-01-09T23:27:09.376224Z 0 [Note] Event Scheduler: Loaded 0 events
2018-01-09T23:27:09.376224Z 0 [Note] C:\Program Files\MySQL\MySQL Server 5.7\bin\mysqld.exe: ready for connections.
Version: '5.7.20-log'  socket: ''  port: 3306  MySQL Community Server (GPL)
2018-01-09T23:27:09.376224Z 0 [Note] Executing 'SELECT * FROM INFORMATION_SCHEMA.TABLES;' to get a list of tables using the deprecated partition engine. You may use the startup option '--disable-partition-engine-check' to skip this check. 
2018-01-09T23:27:09.376224Z 0 [Note] Beginning of list of non-natively partitioned tables
2018-01-09T23:27:09.454370Z 0 [Note] End of list of non-natively partitioned tables
2018-01-09T23:27:09.813768Z 0 [Note] InnoDB: Buffer pool(s) load completed at 180109 16:27:09
2018-01-09T23:41:34.344543Z 0 [Note] C:\Program Files\MySQL\MySQL Server 5.7\bin\mysqld.exe: Normal shutdown

2018-01-09T23:41:34.344543Z 0 [Note] Giving 0 client threads a chance to die gracefully
2018-01-09T23:41:34.344543Z 0 [Note] Shutting down slave threads
2018-01-09T23:41:34.344543Z 0 [Note] Forcefully disconnecting 0 remaining clients
2018-01-09T23:41:34.344543Z 0 [Note] Event Scheduler: Purging the queue. 0 events
2018-01-09T23:41:34.344543Z 0 [Note] Binlog end
2018-01-09T23:41:34.344543Z 0 [Note] Shutting down plugin 'ngram'
2018-01-09T23:41:34.344543Z 0 [Note] Shutting down plugin 'partition'
2018-01-09T23:41:34.344543Z 0 [Note] Shutting down plugin 'BLACKHOLE'
2018-01-09T23:41:34.344543Z 0 [Note] Shutting down plugin 'ARCHIVE'
2018-01-09T23:41:34.344543Z 0 [Note] Shutting down plugin 'PERFORMANCE_SCHEMA'
2018-01-09T23:41:34.344543Z 0 [Note] Shutting down plugin 'MRG_MYISAM'
2018-01-09T23:41:34.344543Z 0 [Note] Shutting down plugin 'MyISAM'
2018-01-09T23:41:34.344543Z 0 [Note] Shutting down plugin 'INNODB_SYS_VIRTUAL'
2018-01-09T23:41:34.344543Z 0 [Note] Shutting down plugin 'INNODB_SYS_DATAFILES'
2018-01-09T23:41:34.344543Z 0 [Note] Shutting down plugin 'INNODB_SYS_TABLESPACES'
2018-01-09T23:41:34.344543Z 0 [Note] Shutting down plugin 'INNODB_SYS_FOREIGN_COLS'
2018-01-09T23:41:34.344543Z 0 [Note] Shutting down plugin 'INNODB_SYS_FOREIGN'
2018-01-09T23:41:34.344543Z 0 [Note] Shutting down plugin 'INNODB_SYS_FIELDS'
2018-01-09T23:41:34.344543Z 0 [Note] Shutting down plugin 'INNODB_SYS_COLUMNS'
2018-01-09T23:41:34.344543Z 0 [Note] Shutting down plugin 'INNODB_SYS_INDEXES'
2018-01-09T23:41:34.344543Z 0 [Note] Shutting down plugin 'INNODB_SYS_TABLESTATS'
2018-01-09T23:41:34.344543Z 0 [Note] Shutting down plugin 'INNODB_SYS_TABLES'
2018-01-09T23:41:34.344543Z 0 [Note] Shutting down plugin 'INNODB_FT_INDEX_TABLE'
2018-01-09T23:41:34.344543Z 0 [Note] Shutting down plugin 'INNODB_FT_INDEX_CACHE'
2018-01-09T23:41:34.344543Z 0 [Note] Shutting down plugin 'INNODB_FT_CONFIG'
2018-01-09T23:41:34.344543Z 0 [Note] Shutting down plugin 'INNODB_FT_BEING_DELETED'
2018-01-09T23:41:34.344543Z 0 [Note] Shutting down plugin 'INNODB_FT_DELETED'
2018-01-09T23:41:34.344543Z 0 [Note] Shutting down plugin 'INNODB_FT_DEFAULT_STOPWORD'
2018-01-09T23:41:34.344543Z 0 [Note] Shutting down plugin 'INNODB_METRICS'
2018-01-09T23:41:34.344543Z 0 [Note] Shutting down plugin 'INNODB_TEMP_TABLE_INFO'
2018-01-09T23:41:34.344543Z 0 [Note] Shutting down plugin 'INNODB_BUFFER_POOL_STATS'
2018-01-09T23:41:34.344543Z 0 [Note] Shutting down plugin 'INNODB_BUFFER_PAGE_LRU'
2018-01-09T23:41:34.344543Z 0 [Note] Shutting down plugin 'INNODB_BUFFER_PAGE'
2018-01-09T23:41:34.344543Z 0 [Note] Shutting down plugin 'INNODB_CMP_PER_INDEX_RESET'
2018-01-09T23:41:34.360170Z 0 [Note] Shutting down plugin 'INNODB_CMP_PER_INDEX'
2018-01-09T23:41:34.360170Z 0 [Note] Shutting down plugin 'INNODB_CMPMEM_RESET'
2018-01-09T23:41:34.360170Z 0 [Note] Shutting down plugin 'INNODB_CMPMEM'
2018-01-09T23:41:34.360170Z 0 [Note] Shutting down plugin 'INNODB_CMP_RESET'
2018-01-09T23:41:34.360170Z 0 [Note] Shutting down plugin 'INNODB_CMP'
2018-01-09T23:41:34.360170Z 0 [Note] Shutting down plugin 'INNODB_LOCK_WAITS'
2018-01-09T23:41:34.360170Z 0 [Note] Shutting down plugin 'INNODB_LOCKS'
2018-01-09T23:41:34.360170Z 0 [Note] Shutting down plugin 'INNODB_TRX'
2018-01-09T23:41:34.360170Z 0 [Note] Shutting down plugin 'InnoDB'
2018-01-09T23:41:34.360170Z 0 [Note] InnoDB: FTS optimize thread exiting.
2018-01-09T23:41:34.360170Z 0 [Note] InnoDB: Starting shutdown...
2018-01-09T23:41:34.469557Z 0 [Note] InnoDB: Dumping buffer pool(s) to C:\ProgramData\MySQL\MySQL Server 5.7\Data\ib_buffer_pool
2018-01-09T23:41:35.820040Z 0 [Note] InnoDB: Buffer pool(s) dump completed at 180109 16:41:35
2018-01-09T23:41:38.746197Z 0 [Note] InnoDB: Shutdown completed; log sequence number 10900378
2018-01-09T23:41:38.746197Z 0 [Note] InnoDB: Removed temporary tablespace data file: "ibtmp1"
2018-01-09T23:41:38.746197Z 0 [Note] Shutting down plugin 'MEMORY'
2018-01-09T23:41:38.746197Z 0 [Note] Shutting down plugin 'CSV'
2018-01-09T23:41:38.746197Z 0 [Note] Shutting down plugin 'sha256_password'
2018-01-09T23:41:38.746197Z 0 [Note] Shutting down plugin 'mysql_native_password'
2018-01-09T23:41:38.746197Z 0 [Note] Shutting down plugin 'binlog'
2018-01-09T23:41:38.980597Z 0 [Note] C:\Program Files\MySQL\MySQL Server 5.7\bin\mysqld.exe: Shutdown complete

2018-01-09T23:43:07.209223Z 0 [Warning] option 'read_buffer_size': unsigned value 0 adjusted to 8192
2018-01-09T23:43:07.209223Z 0 [Warning] option 'read_rnd_buffer_size': unsigned value 0 adjusted to 1
2018-01-09T23:43:07.209223Z 0 [Warning] TIMESTAMP with implicit DEFAULT value is deprecated. Please use --explicit_defaults_for_timestamp server option (see documentation for more details).
2018-01-09T23:43:07.209223Z 0 [Warning] 'NO_ZERO_DATE', 'NO_ZERO_IN_DATE' and 'ERROR_FOR_DIVISION_BY_ZERO' sql modes should be used with strict mode. They will be merged with strict mode in a future release.
2018-01-09T23:43:07.224850Z 0 [Note] C:\Program Files\MySQL\MySQL Server 5.7\bin\mysqld.exe (mysqld 5.7.20-log) starting as process 4268 ...
2018-01-09T23:43:07.287357Z 0 [Note] InnoDB: Mutexes and rw_locks use Windows interlocked functions
2018-01-09T23:43:07.302983Z 0 [Note] InnoDB: Uses event mutexes
2018-01-09T23:43:07.302983Z 0 [Note] InnoDB: _mm_lfence() and _mm_sfence() are used for memory barrier
2018-01-09T23:43:07.302983Z 0 [Note] InnoDB: Compressed tables use zlib 1.2.3
2018-01-09T23:43:07.318610Z 0 [Note] InnoDB: Adjusting innodb_buffer_pool_instances from 8 to 1 since innodb_buffer_pool_size is less than 1024 MiB
2018-01-09T23:43:07.318610Z 0 [Note] InnoDB: Number of pools: 1
2018-01-09T23:43:07.318610Z 0 [Note] InnoDB: Not using CPU crc32 instructions
2018-01-09T23:43:07.349863Z 0 [Note] InnoDB: Initializing buffer pool, total size = 8M, instances = 1, chunk size = 8M
2018-01-09T23:43:07.349863Z 0 [Note] InnoDB: Completed initialization of buffer pool
2018-01-09T23:43:07.974931Z 0 [Note] InnoDB: Highest supported file format is Barracuda.
2018-01-09T23:43:08.396849Z 0 [Note] InnoDB: Creating shared tablespace for temporary tables
2018-01-09T23:43:08.412475Z 0 [Note] InnoDB: Setting file '.\ibtmp1' size to 12 MB. Physically writing the file full; Please wait ...
2018-01-09T23:43:10.100578Z 0 [Note] InnoDB: File '.\ibtmp1' size is now 12 MB.
2018-01-09T23:43:10.259944Z 0 [Note] InnoDB: 96 redo rollback segment(s) found. 96 redo rollback segment(s) are active.
2018-01-09T23:43:10.259944Z 0 [Note] InnoDB: 32 non-redo rollback segment(s) are active.
2018-01-09T23:43:10.259944Z 0 [Note] InnoDB: Waiting for purge to start
2018-01-09T23:43:10.322537Z 0 [Note] InnoDB: 5.7.20 started; log sequence number 10900378
2018-01-09T23:43:10.322537Z 0 [Note] InnoDB: Loading buffer pool(s) from C:\ProgramData\MySQL\MySQL Server 5.7\Data\ib_buffer_pool
2018-01-09T23:43:10.322537Z 0 [Note] Plugin 'FEDERATED' is disabled.
2018-01-09T23:43:11.541330Z 0 [Warning] Failed to set up SSL because of the following SSL library error: SSL context is not usable without certificate and private key
2018-01-09T23:43:11.541330Z 0 [Note] Server hostname (bind-address): '*'; port: 3306
2018-01-09T23:43:11.541330Z 0 [Note] IPv6 is available.
2018-01-09T23:43:11.541330Z 0 [Note]   - '::' resolves to '::';
2018-01-09T23:43:11.541330Z 0 [Note] Server socket created on IP: '::'.
2018-01-09T23:43:11.900831Z 0 [Note] InnoDB: Buffer pool(s) load completed at 180109 16:43:11
2018-01-09T23:43:12.010128Z 0 [Note] Event Scheduler: Loaded 0 events
2018-01-09T23:43:12.010128Z 0 [Note] C:\Program Files\MySQL\MySQL Server 5.7\bin\mysqld.exe: ready for connections.
Version: '5.7.20-log'  socket: ''  port: 3306  MySQL Community Server (GPL)
2018-01-09T23:43:12.025755Z 0 [Note] Executing 'SELECT * FROM INFORMATION_SCHEMA.TABLES;' to get a list of tables using the deprecated partition engine. You may use the startup option '--disable-partition-engine-check' to skip this check. 
2018-01-09T23:43:12.025755Z 0 [Note] Beginning of list of non-natively partitioned tables
2018-01-09T23:43:12.088262Z 0 [Note] End of list of non-natively partitioned tables
2018-01-10T03:17:06.577663Z 0 [Note] InnoDB: page_cleaner: 1000ms intended loop took 7347122ms. The settings might not be optimal. (flushed=0 and evicted=0, during the time.)
2018-01-10T15:03:05.383886Z 0 [Note] InnoDB: page_cleaner: 1000ms intended loop took 37044141ms. The settings might not be optimal. (flushed=0 and evicted=0, during the time.)
2018-01-10T20:01:53.028105Z 0 [Note] InnoDB: page_cleaner: 1000ms intended loop took 4156896ms. The settings might not be optimal. (flushed=0 and evicted=0, during the time.)
2018-01-10T23:38:00.259737Z 0 [Note] InnoDB: page_cleaner: 1000ms intended loop took 9509680ms. The settings might not be optimal. (flushed=0 and evicted=0, during the time.)
2018-01-11T02:24:07.143304Z 0 [Note] InnoDB: page_cleaner: 1000ms intended loop took 7445065ms. The settings might not be optimal. (flushed=0 and evicted=0, during the time.)
2018-01-11T20:06:47.059002Z 0 [Note] InnoDB: page_cleaner: 1000ms intended loop took 62795021ms. The settings might not be optimal. (flushed=0 and evicted=0, during the time.)
2018-01-12T22:30:56.902432Z 0 [Note] InnoDB: page_cleaner: 1000ms intended loop took 82990802ms. The settings might not be optimal. (flushed=0 and evicted=0, during the time.)
2018-01-12T22:58:28.695050Z 0 [Note] InnoDB: page_cleaner: 1000ms intended loop took 4619ms. The settings might not be optimal. (flushed=0 and evicted=0, during the time.)
2018-01-13T00:34:21.129569Z 0 [Note] C:\Program Files\MySQL\MySQL Server 5.7\bin\mysqld.exe: Normal shutdown

2018-01-13T00:34:23.895593Z 0 [Note] Giving 0 client threads a chance to die gracefully
2018-01-13T00:34:23.895593Z 0 [Note] Shutting down slave threads
2018-01-13T00:34:24.083112Z 0 [Note] Forcefully disconnecting 0 remaining clients
2018-01-13T00:34:24.161224Z 0 [Note] Event Scheduler: Purging the queue. 0 events
2018-01-13T00:34:24.676927Z 0 [Note] Binlog end
2018-01-13T00:34:28.558517Z 0 [Note] Shutting down plugin 'ngram'
2018-01-13T00:34:28.683805Z 0 [Note] Shutting down plugin 'partition'
2018-01-13T00:34:28.683805Z 0 [Note] Shutting down plugin 'BLACKHOLE'
2018-01-13T00:34:28.699537Z 0 [Note] Shutting down plugin 'ARCHIVE'
2018-01-13T00:34:28.699537Z 0 [Note] Shutting down plugin 'PERFORMANCE_SCHEMA'
2018-01-13T00:34:28.885921Z 0 [Note] Shutting down plugin 'MRG_MYISAM'
2018-01-13T00:34:28.901566Z 0 [Note] Shutting down plugin 'MyISAM'
2018-01-13T00:34:28.932805Z 0 [Note] Shutting down plugin 'INNODB_SYS_VIRTUAL'
2018-01-13T00:34:28.932805Z 0 [Note] Shutting down plugin 'INNODB_SYS_DATAFILES'
2018-01-13T00:34:28.932805Z 0 [Note] Shutting down plugin 'INNODB_SYS_TABLESPACES'
2018-01-13T00:34:28.948370Z 0 [Note] Shutting down plugin 'INNODB_SYS_FOREIGN_COLS'
2018-01-13T00:34:28.948370Z 0 [Note] Shutting down plugin 'INNODB_SYS_FOREIGN'
2018-01-13T00:34:28.948370Z 0 [Note] Shutting down plugin 'INNODB_SYS_FIELDS'
2018-01-13T00:34:28.948370Z 0 [Note] Shutting down plugin 'INNODB_SYS_COLUMNS'
2018-01-13T00:34:28.948370Z 0 [Note] Shutting down plugin 'INNODB_SYS_INDEXES'
2018-01-13T00:34:28.948370Z 0 [Note] Shutting down plugin 'INNODB_SYS_TABLESTATS'
2018-01-13T00:34:28.948370Z 0 [Note] Shutting down plugin 'INNODB_SYS_TABLES'
2018-01-13T00:34:28.948370Z 0 [Note] Shutting down plugin 'INNODB_FT_INDEX_TABLE'
2018-01-13T00:34:28.948370Z 0 [Note] Shutting down plugin 'INNODB_FT_INDEX_CACHE'
2018-01-13T00:34:28.948370Z 0 [Note] Shutting down plugin 'INNODB_FT_CONFIG'
2018-01-13T00:34:28.948370Z 0 [Note] Shutting down plugin 'INNODB_FT_BEING_DELETED'
2018-01-13T00:34:28.948370Z 0 [Note] Shutting down plugin 'INNODB_FT_DELETED'
2018-01-13T00:34:28.948370Z 0 [Note] Shutting down plugin 'INNODB_FT_DEFAULT_STOPWORD'
2018-01-13T00:34:28.948370Z 0 [Note] Shutting down plugin 'INNODB_METRICS'
2018-01-13T00:34:28.948370Z 0 [Note] Shutting down plugin 'INNODB_TEMP_TABLE_INFO'
2018-01-13T00:34:28.948370Z 0 [Note] Shutting down plugin 'INNODB_BUFFER_POOL_STATS'
2018-01-13T00:34:28.948370Z 0 [Note] Shutting down plugin 'INNODB_BUFFER_PAGE_LRU'
2018-01-13T00:34:28.948370Z 0 [Note] Shutting down plugin 'INNODB_BUFFER_PAGE'
2018-01-13T00:34:28.948370Z 0 [Note] Shutting down plugin 'INNODB_CMP_PER_INDEX_RESET'
2018-01-13T00:34:28.948370Z 0 [Note] Shutting down plugin 'INNODB_CMP_PER_INDEX'
2018-01-13T00:34:28.948370Z 0 [Note] Shutting down plugin 'INNODB_CMPMEM_RESET'
2018-01-13T00:34:28.948370Z 0 [Note] Shutting down plugin 'INNODB_CMPMEM'
2018-01-13T00:34:28.948370Z 0 [Note] Shutting down plugin 'INNODB_CMP_RESET'
2018-01-13T00:34:28.948370Z 0 [Note] Shutting down plugin 'INNODB_CMP'
2018-01-13T00:34:28.948370Z 0 [Note] Shutting down plugin 'INNODB_LOCK_WAITS'
2018-01-13T00:34:28.948370Z 0 [Note] Shutting down plugin 'INNODB_LOCKS'
2018-01-13T00:34:28.948370Z 0 [Note] Shutting down plugin 'INNODB_TRX'
2018-01-13T00:34:28.948370Z 0 [Note] Shutting down plugin 'InnoDB'
2018-01-13T00:34:29.026582Z 0 [Note] InnoDB: FTS optimize thread exiting.
2018-01-13T00:34:29.026582Z 0 [Note] InnoDB: Starting shutdown...
2018-01-13T00:34:29.135857Z 0 [Note] InnoDB: Dumping buffer pool(s) to C:\ProgramData\MySQL\MySQL Server 5.7\Data\ib_buffer_pool
2018-01-13T00:34:29.135857Z 0 [Note] InnoDB: Buffer pool(s) dump completed at 180112 17:34:29
2018-01-13T00:34:31.073664Z 0 [Note] InnoDB: Shutdown completed; log sequence number 10900406
2018-01-13T00:34:31.073664Z 0 [Note] InnoDB: Removed temporary tablespace data file: "ibtmp1"
2018-01-13T00:34:31.073664Z 0 [Note] Shutting down plugin 'MEMORY'
2018-01-13T00:34:31.104997Z 0 [Note] Shutting down plugin 'CSV'
2018-01-13T00:34:31.104997Z 0 [Note] Shutting down plugin 'sha256_password'
2018-01-13T00:34:31.104997Z 0 [Note] Shutting down plugin 'mysql_native_password'
2018-01-13T00:34:31.104997Z 0 [Note] Shutting down plugin 'binlog'
2018-01-13T00:34:31.167504Z 0 [Note] C:\Program Files\MySQL\MySQL Server 5.7\bin\mysqld.exe: Shutdown complete

2018-01-13T00:36:12.234525Z 0 [Warning] option 'read_buffer_size': unsigned value 0 adjusted to 8192
2018-01-13T00:36:12.234525Z 0 [Warning] option 'read_rnd_buffer_size': unsigned value 0 adjusted to 1
2018-01-13T00:36:12.234525Z 0 [Warning] TIMESTAMP with implicit DEFAULT value is deprecated. Please use --explicit_defaults_for_timestamp server option (see documentation for more details).
2018-01-13T00:36:12.234525Z 0 [Warning] 'NO_ZERO_DATE', 'NO_ZERO_IN_DATE' and 'ERROR_FOR_DIVISION_BY_ZERO' sql modes should be used with strict mode. They will be merged with strict mode in a future release.
2018-01-13T00:36:12.418720Z 0 [Note] C:\Program Files\MySQL\MySQL Server 5.7\bin\mysqld.exe (mysqld 5.7.20-log) starting as process 2896 ...
2018-01-13T00:36:12.543877Z 0 [Note] InnoDB: Mutexes and rw_locks use Windows interlocked functions
2018-01-13T00:36:12.543877Z 0 [Note] InnoDB: Uses event mutexes
2018-01-13T00:36:12.714566Z 0 [Note] InnoDB: _mm_lfence() and _mm_sfence() are used for memory barrier
2018-01-13T00:36:12.728439Z 0 [Note] InnoDB: Compressed tables use zlib 1.2.3
2018-01-13T00:36:12.728439Z 0 [Note] InnoDB: Adjusting innodb_buffer_pool_instances from 8 to 1 since innodb_buffer_pool_size is less than 1024 MiB
2018-01-13T00:36:12.728439Z 0 [Note] InnoDB: Number of pools: 1
2018-01-13T00:36:12.728439Z 0 [Note] InnoDB: Not using CPU crc32 instructions
2018-01-13T00:36:12.966958Z 0 [Note] InnoDB: Initializing buffer pool, total size = 8M, instances = 1, chunk size = 8M
2018-01-13T00:36:12.966958Z 0 [Note] InnoDB: Completed initialization of buffer pool
2018-01-13T00:36:13.045132Z 0 [Note] InnoDB: Highest supported file format is Barracuda.
2018-01-13T00:36:18.591516Z 0 [Note] InnoDB: Creating shared tablespace for temporary tables
2018-01-13T00:36:18.605156Z 0 [Note] InnoDB: Setting file '.\ibtmp1' size to 12 MB. Physically writing the file full; Please wait ...
2018-01-13T00:36:19.118626Z 0 [Note] InnoDB: File '.\ibtmp1' size is now 12 MB.
2018-01-13T00:36:19.169892Z 0 [Note] InnoDB: 96 redo rollback segment(s) found. 96 redo rollback segment(s) are active.
2018-01-13T00:36:19.169892Z 0 [Note] InnoDB: 32 non-redo rollback segment(s) are active.
2018-01-13T00:36:19.172205Z 0 [Note] InnoDB: page_cleaner: 1000ms intended loop took 6174ms. The settings might not be optimal. (flushed=0 and evicted=0, during the time.)
2018-01-13T00:36:19.189159Z 0 [Note] InnoDB: 5.7.20 started; log sequence number 10900406
2018-01-13T00:36:19.189159Z 0 [Note] InnoDB: Loading buffer pool(s) from C:\ProgramData\MySQL\MySQL Server 5.7\Data\ib_buffer_pool
2018-01-13T00:36:19.201602Z 0 [Note] Plugin 'FEDERATED' is disabled.
2018-01-13T00:36:19.873736Z 0 [Warning] Failed to set up SSL because of the following SSL library error: SSL context is not usable without certificate and private key
2018-01-13T00:36:19.873736Z 0 [Note] Server hostname (bind-address): '*'; port: 3306
2018-01-13T00:36:19.873736Z 0 [Note] IPv6 is available.
2018-01-13T00:36:19.873736Z 0 [Note]   - '::' resolves to '::';
2018-01-13T00:36:19.873736Z 0 [Note] Server socket created on IP: '::'.
2018-01-13T00:36:20.540028Z 0 [Note] InnoDB: Buffer pool(s) load completed at 180112 17:36:20
2018-01-13T00:36:24.053441Z 0 [Note] Event Scheduler: Loaded 0 events
2018-01-13T00:36:24.053441Z 0 [Note] C:\Program Files\MySQL\MySQL Server 5.7\bin\mysqld.exe: ready for connections.
Version: '5.7.20-log'  socket: ''  port: 3306  MySQL Community Server (GPL)
2018-01-13T00:36:24.055711Z 0 [Note] Executing 'SELECT * FROM INFORMATION_SCHEMA.TABLES;' to get a list of tables using the deprecated partition engine. You may use the startup option '--disable-partition-engine-check' to skip this check. 
2018-01-13T00:36:24.055711Z 0 [Note] Beginning of list of non-natively partitioned tables
2018-01-13T00:36:30.300498Z 0 [Note] End of list of non-natively partitioned tables
2018-01-15T20:58:23.586682Z 0 [Note] InnoDB: page_cleaner: 1000ms intended loop took 219671621ms. The settings might not be optimal. (flushed=0 and evicted=0, during the time.)
2018-01-16T04:12:55.193358Z 0 [Note] InnoDB: page_cleaner: 1000ms intended loop took 9498991ms. The settings might not be optimal. (flushed=0 and evicted=0, during the time.)
2018-01-16T18:33:47.491698Z 0 [Note] InnoDB: page_cleaner: 1000ms intended loop took 51441315ms. The settings might not be optimal. (flushed=0 and evicted=0, during the time.)
2018-01-16T19:56:13.905239Z 0 [Note] InnoDB: page_cleaner: 1000ms intended loop took 4228553ms. The settings might not be optimal. (flushed=0 and evicted=0, during the time.)
2018-01-17T02:37:11.101757Z 0 [Note] InnoDB: page_cleaner: 1000ms intended loop took 12989424ms. The settings might not be optimal. (flushed=0 and evicted=0, during the time.)
2018-01-17T15:55:23.267967Z 0 [Note] InnoDB: page_cleaner: 1000ms intended loop took 40938166ms. The settings might not be optimal. (flushed=0 and evicted=0, during the time.)
2018-01-17T20:00:51.796419Z 0 [Note] InnoDB: page_cleaner: 1000ms intended loop took 11400336ms. The settings might not be optimal. (flushed=0 and evicted=0, during the time.)
2018-01-18T17:43:11.671493Z 0 [Note] InnoDB: page_cleaner: 1000ms intended loop took 74771391ms. The settings might not be optimal. (flushed=0 and evicted=0, during the time.)
2018-01-21T02:16:37.640341Z 0 [Note] InnoDB: page_cleaner: 1000ms intended loop took 141416306ms. The settings might not be optimal. (flushed=0 and evicted=0, during the time.)
2018-01-21T04:39:24.838548Z 0 [Note] InnoDB: page_cleaner: 1000ms intended loop took 2622190ms. The settings might not be optimal. (flushed=0 and evicted=0, during the time.)
2018-01-21T06:28:43.111068Z 0 [Note] InnoDB: page_cleaner: 1000ms intended loop took 4174ms. The settings might not be optimal. (flushed=0 and evicted=0, during the time.)
2018-01-22T15:36:22.601625Z 0 [Note] InnoDB: page_cleaner: 1000ms intended loop took 112720968ms. The settings might not be optimal. (flushed=0 and evicted=0, during the time.)
2018-01-22T23:01:50.169978Z 0 [Note] InnoDB: page_cleaner: 1000ms intended loop took 7740054ms. The settings might not be optimal. (flushed=0 and evicted=0, during the time.)
2018-01-23T00:24:41.237415Z 3 [Note] Aborted connection 3 to db: 'unconnected' user: 'root' host: 'localhost' (Got an error reading communication packets)
2018-01-23T00:44:09.000965Z 4 [Note] Aborted connection 4 to db: 'test' user: 'root' host: 'localhost' (Got an error reading communication packets)
2018-01-23T01:42:44.541716Z 0 [Note] InnoDB: page_cleaner: 1000ms intended loop took 3501210ms. The settings might not be optimal. (flushed=0 and evicted=0, during the time.)
2018-01-23T02:00:20.687854Z 5 [Note] Aborted connection 5 to db: 'world' user: 'root' host: 'localhost' (Got an error reading communication packets)
2018-01-23T02:03:58.997784Z 6 [Note] Aborted connection 6 to db: 'unconnected' user: 'root' host: 'localhost' (Got an error reading communication packets)
2018-01-23T02:13:29.430038Z 7 [Note] Aborted connection 7 to db: 'unconnected' user: 'root' host: 'localhost' (Got an error reading communication packets)
2018-01-23T02:14:04.643177Z 0 [Note] C:\Program Files\MySQL\MySQL Server 5.7\bin\mysqld.exe: Normal shutdown

2018-01-23T02:14:04.643177Z 0 [Note] Giving 0 client threads a chance to die gracefully
2018-01-23T02:14:04.643177Z 0 [Note] Shutting down slave threads
2018-01-23T02:14:04.971420Z 0 [Note] Forcefully disconnecting 0 remaining clients
2018-01-23T02:14:04.971420Z 0 [Note] Event Scheduler: Purging the queue. 0 events
2018-01-23T02:14:06.455880Z 0 [Note] Binlog end
2018-01-23T02:14:06.909043Z 0 [Note] Shutting down plugin 'ngram'
2018-01-23T02:14:07.174796Z 0 [Note] Shutting down plugin 'partition'
2018-01-23T02:14:07.174796Z 0 [Note] Shutting down plugin 'BLACKHOLE'
2018-01-23T02:14:07.174796Z 0 [Note] Shutting down plugin 'ARCHIVE'
2018-01-23T02:14:07.174796Z 0 [Note] Shutting down plugin 'PERFORMANCE_SCHEMA'
2018-01-23T02:14:07.706089Z 0 [Note] Shutting down plugin 'MRG_MYISAM'
2018-01-23T02:14:07.706089Z 0 [Note] Shutting down plugin 'MyISAM'
2018-01-23T02:14:07.706089Z 0 [Note] Shutting down plugin 'INNODB_SYS_VIRTUAL'
2018-01-23T02:14:07.706089Z 0 [Note] Shutting down plugin 'INNODB_SYS_DATAFILES'
2018-01-23T02:14:07.706089Z 0 [Note] Shutting down plugin 'INNODB_SYS_TABLESPACES'
2018-01-23T02:14:07.706089Z 0 [Note] Shutting down plugin 'INNODB_SYS_FOREIGN_COLS'
2018-01-23T02:14:07.706089Z 0 [Note] Shutting down plugin 'INNODB_SYS_FOREIGN'
2018-01-23T02:14:07.706089Z 0 [Note] Shutting down plugin 'INNODB_SYS_FIELDS'
2018-01-23T02:14:07.706089Z 0 [Note] Shutting down plugin 'INNODB_SYS_COLUMNS'
2018-01-23T02:14:07.706089Z 0 [Note] Shutting down plugin 'INNODB_SYS_INDEXES'
2018-01-23T02:14:07.706089Z 0 [Note] Shutting down plugin 'INNODB_SYS_TABLESTATS'
2018-01-23T02:14:07.706089Z 0 [Note] Shutting down plugin 'INNODB_SYS_TABLES'
2018-01-23T02:14:07.706089Z 0 [Note] Shutting down plugin 'INNODB_FT_INDEX_TABLE'
2018-01-23T02:14:07.706089Z 0 [Note] Shutting down plugin 'INNODB_FT_INDEX_CACHE'
2018-01-23T02:14:07.706089Z 0 [Note] Shutting down plugin 'INNODB_FT_CONFIG'
2018-01-23T02:14:07.706089Z 0 [Note] Shutting down plugin 'INNODB_FT_BEING_DELETED'
2018-01-23T02:14:07.706089Z 0 [Note] Shutting down plugin 'INNODB_FT_DELETED'
2018-01-23T02:14:07.706089Z 0 [Note] Shutting down plugin 'INNODB_FT_DEFAULT_STOPWORD'
2018-01-23T02:14:07.706089Z 0 [Note] Shutting down plugin 'INNODB_METRICS'
2018-01-23T02:14:07.706089Z 0 [Note] Shutting down plugin 'INNODB_TEMP_TABLE_INFO'
2018-01-23T02:14:07.706089Z 0 [Note] Shutting down plugin 'INNODB_BUFFER_POOL_STATS'
2018-01-23T02:14:07.706089Z 0 [Note] Shutting down plugin 'INNODB_BUFFER_PAGE_LRU'
2018-01-23T02:14:07.706089Z 0 [Note] Shutting down plugin 'INNODB_BUFFER_PAGE'
2018-01-23T02:14:07.706089Z 0 [Note] Shutting down plugin 'INNODB_CMP_PER_INDEX_RESET'
2018-01-23T02:14:07.721632Z 0 [Note] Shutting down plugin 'INNODB_CMP_PER_INDEX'
2018-01-23T02:14:07.721632Z 0 [Note] Shutting down plugin 'INNODB_CMPMEM_RESET'
2018-01-23T02:14:07.721632Z 0 [Note] Shutting down plugin 'INNODB_CMPMEM'
2018-01-23T02:14:07.721632Z 0 [Note] Shutting down plugin 'INNODB_CMP_RESET'
2018-01-23T02:14:07.721632Z 0 [Note] Shutting down plugin 'INNODB_CMP'
2018-01-23T02:14:07.721632Z 0 [Note] Shutting down plugin 'INNODB_LOCK_WAITS'
2018-01-23T02:14:07.721632Z 0 [Note] Shutting down plugin 'INNODB_LOCKS'
2018-01-23T02:14:07.721632Z 0 [Note] Shutting down plugin 'INNODB_TRX'
2018-01-23T02:14:07.721632Z 0 [Note] Shutting down plugin 'InnoDB'
2018-01-23T02:14:07.956116Z 0 [Note] InnoDB: FTS optimize thread exiting.
2018-01-23T02:14:07.956116Z 0 [Note] InnoDB: Starting shutdown...
2018-01-23T02:14:08.065418Z 0 [Note] InnoDB: Dumping buffer pool(s) to C:\ProgramData\MySQL\MySQL Server 5.7\Data\ib_buffer_pool
2018-01-23T02:14:08.409291Z 0 [Note] InnoDB: Buffer pool(s) dump completed at 180122 19:14:08
2018-01-23T02:14:19.325848Z 0 [Note] InnoDB: Shutdown completed; log sequence number 11060830
2018-01-23T02:14:19.325848Z 0 [Note] InnoDB: Removed temporary tablespace data file: "ibtmp1"
2018-01-23T02:14:19.325848Z 0 [Note] Shutting down plugin 'MEMORY'
2018-01-23T02:14:19.325848Z 0 [Note] Shutting down plugin 'CSV'
2018-01-23T02:14:19.325848Z 0 [Note] Shutting down plugin 'sha256_password'
2018-01-23T02:14:19.325848Z 0 [Note] Shutting down plugin 'mysql_native_password'
2018-01-23T02:14:19.591519Z 0 [Note] Shutting down plugin 'binlog'
2018-01-23T02:14:20.794755Z 0 [Note] C:\Program Files\MySQL\MySQL Server 5.7\bin\mysqld.exe: Shutdown complete

2018-01-23T02:44:48.964130Z 0 [Warning] option 'read_buffer_size': unsigned value 0 adjusted to 8192
2018-01-23T02:44:48.964130Z 0 [Warning] option 'read_rnd_buffer_size': unsigned value 0 adjusted to 1
2018-01-23T02:44:48.964130Z 0 [Warning] TIMESTAMP with implicit DEFAULT value is deprecated. Please use --explicit_defaults_for_timestamp server option (see documentation for more details).
2018-01-23T02:44:48.964130Z 0 [Warning] 'NO_ZERO_DATE', 'NO_ZERO_IN_DATE' and 'ERROR_FOR_DIVISION_BY_ZERO' sql modes should be used with strict mode. They will be merged with strict mode in a future release.
2018-01-23T02:44:48.976328Z 0 [Note] C:\Program Files\MySQL\MySQL Server 5.7\bin\mysqld.exe (mysqld 5.7.20-log) starting as process 6704 ...
2018-01-23T02:44:49.156943Z 0 [Note] InnoDB: Mutexes and rw_locks use Windows interlocked functions
2018-01-23T02:44:49.172654Z 0 [Note] InnoDB: Uses event mutexes
2018-01-23T02:44:49.172654Z 0 [Note] InnoDB: _mm_lfence() and _mm_sfence() are used for memory barrier
2018-01-23T02:44:49.172654Z 0 [Note] InnoDB: Compressed tables use zlib 1.2.3
2018-01-23T02:44:49.172654Z 0 [Note] InnoDB: Adjusting innodb_buffer_pool_instances from 8 to 1 since innodb_buffer_pool_size is less than 1024 MiB
2018-01-23T02:44:49.189512Z 0 [Note] InnoDB: Number of pools: 1
2018-01-23T02:44:49.256167Z 0 [Note] InnoDB: Not using CPU crc32 instructions
2018-01-23T02:44:49.307150Z 0 [Note] InnoDB: Initializing buffer pool, total size = 8M, instances = 1, chunk size = 8M
2018-01-23T02:44:49.323739Z 0 [Note] InnoDB: Completed initialization of buffer pool
2018-01-23T02:44:49.447557Z 0 [Note] InnoDB: Highest supported file format is Barracuda.
2018-01-23T02:44:50.176065Z 0 [Note] InnoDB: Creating shared tablespace for temporary tables
2018-01-23T02:44:50.186148Z 0 [Note] InnoDB: Setting file '.\ibtmp1' size to 12 MB. Physically writing the file full; Please wait ...
2018-01-23T02:44:50.439465Z 0 [Note] InnoDB: File '.\ibtmp1' size is now 12 MB.
2018-01-23T02:44:50.472073Z 0 [Note] InnoDB: 96 redo rollback segment(s) found. 96 redo rollback segment(s) are active.
2018-01-23T02:44:50.472073Z 0 [Note] InnoDB: 32 non-redo rollback segment(s) are active.
2018-01-23T02:44:50.481444Z 0 [Note] InnoDB: Waiting for purge to start
2018-01-23T02:44:50.538899Z 0 [Note] InnoDB: Waiting for purge to start
2018-01-23T02:44:50.640436Z 0 [Note] InnoDB: 5.7.20 started; log sequence number 11060830
2018-01-23T02:44:50.697252Z 0 [Note] InnoDB: Loading buffer pool(s) from C:\ProgramData\MySQL\MySQL Server 5.7\Data\ib_buffer_pool
2018-01-23T02:44:50.873457Z 0 [Note] InnoDB: Buffer pool(s) load completed at 180122 19:44:50
2018-01-23T02:44:50.891630Z 0 [Note] Plugin 'FEDERATED' is disabled.
2018-01-23T02:44:51.406251Z 0 [Warning] Failed to set up SSL because of the following SSL library error: SSL context is not usable without certificate and private key
2018-01-23T02:44:51.406251Z 0 [Note] Server hostname (bind-address): '*'; port: 3306
2018-01-23T02:44:51.406251Z 0 [Note] IPv6 is available.
2018-01-23T02:44:51.406251Z 0 [Note]   - '::' resolves to '::';
2018-01-23T02:44:51.421901Z 0 [Note] Server socket created on IP: '::'.
2018-01-23T02:44:52.883316Z 0 [Note] Event Scheduler: Loaded 0 events
2018-01-23T02:44:52.883316Z 0 [Note] C:\Program Files\MySQL\MySQL Server 5.7\bin\mysqld.exe: ready for connections.
Version: '5.7.20-log'  socket: ''  port: 3306  MySQL Community Server (GPL)
2018-01-23T02:44:52.902006Z 0 [Note] Executing 'SELECT * FROM INFORMATION_SCHEMA.TABLES;' to get a list of tables using the deprecated partition engine. You may use the startup option '--disable-partition-engine-check' to skip this check. 
2018-01-23T02:44:52.905458Z 0 [Note] Beginning of list of non-natively partitioned tables
2018-01-23T02:44:54.784272Z 0 [Note] End of list of non-natively partitioned tables
2018-01-23T02:45:33.598312Z 3 [Note] Aborted connection 3 to db: 'unconnected' user: 'root' host: 'localhost' (Got an error reading communication packets)
2018-01-23T02:53:45.495183Z 0 [Note] C:\Program Files\MySQL\MySQL Server 5.7\bin\mysqld.exe: Normal shutdown

2018-01-23T02:53:45.496186Z 0 [Note] Giving 0 client threads a chance to die gracefully
2018-01-23T02:53:45.497188Z 0 [Note] Shutting down slave threads
2018-01-23T02:53:45.497188Z 0 [Note] Forcefully disconnecting 0 remaining clients
2018-01-23T02:53:45.497188Z 0 [Note] Event Scheduler: Purging the queue. 0 events
2018-01-23T02:53:45.498192Z 0 [Note] Binlog end
2018-01-23T02:53:45.500380Z 0 [Note] Shutting down plugin 'ngram'
2018-01-23T02:53:45.501730Z 0 [Note] Shutting down plugin 'partition'
2018-01-23T02:53:45.501730Z 0 [Note] Shutting down plugin 'BLACKHOLE'
2018-01-23T02:53:45.501730Z 0 [Note] Shutting down plugin 'ARCHIVE'
2018-01-23T02:53:45.502731Z 0 [Note] Shutting down plugin 'PERFORMANCE_SCHEMA'
2018-01-23T02:53:45.502731Z 0 [Note] Shutting down plugin 'MRG_MYISAM'
2018-01-23T02:53:45.502731Z 0 [Note] Shutting down plugin 'MyISAM'
2018-01-23T02:53:45.503734Z 0 [Note] Shutting down plugin 'INNODB_SYS_VIRTUAL'
2018-01-23T02:53:45.503734Z 0 [Note] Shutting down plugin 'INNODB_SYS_DATAFILES'
2018-01-23T02:53:45.504737Z 0 [Note] Shutting down plugin 'INNODB_SYS_TABLESPACES'
2018-01-23T02:53:45.504737Z 0 [Note] Shutting down plugin 'INNODB_SYS_FOREIGN_COLS'
2018-01-23T02:53:45.505739Z 0 [Note] Shutting down plugin 'INNODB_SYS_FOREIGN'
2018-01-23T02:53:45.505739Z 0 [Note] Shutting down plugin 'INNODB_SYS_FIELDS'
2018-01-23T02:53:45.505739Z 0 [Note] Shutting down plugin 'INNODB_SYS_COLUMNS'
2018-01-23T02:53:45.506742Z 0 [Note] Shutting down plugin 'INNODB_SYS_INDEXES'
2018-01-23T02:53:45.506742Z 0 [Note] Shutting down plugin 'INNODB_SYS_TABLESTATS'
2018-01-23T02:53:45.506742Z 0 [Note] Shutting down plugin 'INNODB_SYS_TABLES'
2018-01-23T02:53:45.506742Z 0 [Note] Shutting down plugin 'INNODB_FT_INDEX_TABLE'
2018-01-23T02:53:45.507744Z 0 [Note] Shutting down plugin 'INNODB_FT_INDEX_CACHE'
2018-01-23T02:53:45.507744Z 0 [Note] Shutting down plugin 'INNODB_FT_CONFIG'
2018-01-23T02:53:45.507744Z 0 [Note] Shutting down plugin 'INNODB_FT_BEING_DELETED'
2018-01-23T02:53:45.508747Z 0 [Note] Shutting down plugin 'INNODB_FT_DELETED'
2018-01-23T02:53:45.508747Z 0 [Note] Shutting down plugin 'INNODB_FT_DEFAULT_STOPWORD'
2018-01-23T02:53:45.508747Z 0 [Note] Shutting down plugin 'INNODB_METRICS'
2018-01-23T02:53:45.509749Z 0 [Note] Shutting down plugin 'INNODB_TEMP_TABLE_INFO'
2018-01-23T02:53:45.509749Z 0 [Note] Shutting down plugin 'INNODB_BUFFER_POOL_STATS'
2018-01-23T02:53:45.509749Z 0 [Note] Shutting down plugin 'INNODB_BUFFER_PAGE_LRU'
2018-01-23T02:53:45.510752Z 0 [Note] Shutting down plugin 'INNODB_BUFFER_PAGE'
2018-01-23T02:53:45.510752Z 0 [Note] Shutting down plugin 'INNODB_CMP_PER_INDEX_RESET'
2018-01-23T02:53:45.510752Z 0 [Note] Shutting down plugin 'INNODB_CMP_PER_INDEX'
2018-01-23T02:53:45.511755Z 0 [Note] Shutting down plugin 'INNODB_CMPMEM_RESET'
2018-01-23T02:53:45.511755Z 0 [Note] Shutting down plugin 'INNODB_CMPMEM'
2018-01-23T02:53:45.511755Z 0 [Note] Shutting down plugin 'INNODB_CMP_RESET'
2018-01-23T02:53:45.512757Z 0 [Note] Shutting down plugin 'INNODB_CMP'
2018-01-23T02:53:45.512757Z 0 [Note] Shutting down plugin 'INNODB_LOCK_WAITS'
2018-01-23T02:53:45.512757Z 0 [Note] Shutting down plugin 'INNODB_LOCKS'
2018-01-23T02:53:45.513760Z 0 [Note] Shutting down plugin 'INNODB_TRX'
2018-01-23T02:53:45.513760Z 0 [Note] Shutting down plugin 'InnoDB'
2018-01-23T02:53:45.513760Z 0 [Note] InnoDB: FTS optimize thread exiting.
2018-01-23T02:53:45.514763Z 0 [Note] InnoDB: Starting shutdown...
2018-01-23T02:53:45.617602Z 0 [Note] InnoDB: Dumping buffer pool(s) to C:\ProgramData\MySQL\MySQL Server 5.7\Data\ib_buffer_pool
2018-01-23T02:53:45.622903Z 0 [Note] InnoDB: Buffer pool(s) dump completed at 180122 19:53:45
2018-01-23T02:53:46.388097Z 0 [Note] InnoDB: Shutdown completed; log sequence number 11060858
2018-01-23T02:53:46.388097Z 0 [Note] InnoDB: Removed temporary tablespace data file: "ibtmp1"
2018-01-23T02:53:46.395454Z 0 [Note] Shutting down plugin 'MEMORY'
2018-01-23T02:53:46.395454Z 0 [Note] Shutting down plugin 'CSV'
2018-01-23T02:53:46.395454Z 0 [Note] Shutting down plugin 'sha256_password'
2018-01-23T02:53:46.395454Z 0 [Note] Shutting down plugin 'mysql_native_password'
2018-01-23T02:53:46.395454Z 0 [Note] Shutting down plugin 'binlog'
2018-01-23T02:53:46.420628Z 0 [Note] C:\Program Files\MySQL\MySQL Server 5.7\bin\mysqld.exe: Shutdown complete

2018-01-23T03:12:28.266752Z 0 [Warning] option 'read_buffer_size': unsigned value 0 adjusted to 8192
2018-01-23T03:12:28.266752Z 0 [Warning] option 'read_rnd_buffer_size': unsigned value 0 adjusted to 1
2018-01-23T03:12:28.266752Z 0 [Warning] TIMESTAMP with implicit DEFAULT value is deprecated. Please use --explicit_defaults_for_timestamp server option (see documentation for more details).
2018-01-23T03:12:28.266752Z 0 [Warning] 'NO_ZERO_DATE', 'NO_ZERO_IN_DATE' and 'ERROR_FOR_DIVISION_BY_ZERO' sql modes should be used with strict mode. They will be merged with strict mode in a future release.
2018-01-23T03:12:28.279788Z 0 [Note] C:\Program Files\MySQL\MySQL Server 5.7\bin\mysqld.exe (mysqld 5.7.20-log) starting as process 3160 ...
2018-01-23T03:12:28.296240Z 0 [Note] InnoDB: Mutexes and rw_locks use Windows interlocked functions
2018-01-23T03:12:28.297271Z 0 [Note] InnoDB: Uses event mutexes
2018-01-23T03:12:28.298253Z 0 [Note] InnoDB: _mm_lfence() and _mm_sfence() are used for memory barrier
2018-01-23T03:12:28.299413Z 0 [Note] InnoDB: Compressed tables use zlib 1.2.3
2018-01-23T03:12:28.299413Z 0 [Note] InnoDB: Adjusting innodb_buffer_pool_instances from 8 to 1 since innodb_buffer_pool_size is less than 1024 MiB
2018-01-23T03:12:28.300442Z 0 [Note] InnoDB: Number of pools: 1
2018-01-23T03:12:28.300442Z 0 [Note] InnoDB: Not using CPU crc32 instructions
2018-01-23T03:12:28.312598Z 0 [Note] InnoDB: Initializing buffer pool, total size = 8M, instances = 1, chunk size = 8M
2018-01-23T03:12:28.313600Z 0 [Note] InnoDB: Completed initialization of buffer pool
2018-01-23T03:12:28.417890Z 0 [Note] InnoDB: Highest supported file format is Barracuda.
2018-01-23T03:12:28.665230Z 0 [Note] InnoDB: Creating shared tablespace for temporary tables
2018-01-23T03:12:28.671065Z 0 [Note] InnoDB: Setting file '.\ibtmp1' size to 12 MB. Physically writing the file full; Please wait ...
2018-01-23T03:12:28.922825Z 0 [Note] InnoDB: File '.\ibtmp1' size is now 12 MB.
2018-01-23T03:12:28.954254Z 0 [Note] InnoDB: 96 redo rollback segment(s) found. 96 redo rollback segment(s) are active.
2018-01-23T03:12:28.956307Z 0 [Note] InnoDB: 32 non-redo rollback segment(s) are active.
2018-01-23T03:12:28.970010Z 0 [Note] InnoDB: 5.7.20 started; log sequence number 11060858
2018-01-23T03:12:28.971955Z 0 [Note] InnoDB: Loading buffer pool(s) from C:\ProgramData\MySQL\MySQL Server 5.7\Data\ib_buffer_pool
2018-01-23T03:12:28.972957Z 0 [Note] Plugin 'FEDERATED' is disabled.
2018-01-23T03:12:29.106630Z 0 [Warning] Failed to set up SSL because of the following SSL library error: SSL context is not usable without certificate and private key
2018-01-23T03:12:29.110270Z 0 [Note] Server hostname (bind-address): '*'; port: 3306
2018-01-23T03:12:29.111271Z 0 [Note] IPv6 is available.
2018-01-23T03:12:29.117347Z 0 [Note]   - '::' resolves to '::';
2018-01-23T03:12:29.118817Z 0 [Note] Server socket created on IP: '::'.
2018-01-23T03:12:29.189799Z 0 [Note] InnoDB: Buffer pool(s) load completed at 180122 20:12:29
2018-01-23T03:12:30.182453Z 0 [Note] Event Scheduler: Loaded 0 events
2018-01-23T03:12:30.184673Z 0 [Note] C:\Program Files\MySQL\MySQL Server 5.7\bin\mysqld.exe: ready for connections.
Version: '5.7.20-log'  socket: ''  port: 3306  MySQL Community Server (GPL)
2018-01-23T03:12:30.185714Z 0 [Note] Executing 'SELECT * FROM INFORMATION_SCHEMA.TABLES;' to get a list of tables using the deprecated partition engine. You may use the startup option '--disable-partition-engine-check' to skip this check. 
2018-01-23T03:12:30.192526Z 0 [Note] Beginning of list of non-natively partitioned tables
2018-01-23T03:12:31.290462Z 0 [Note] End of list of non-natively partitioned tables
2018-01-23T03:31:12.045825Z 3 [Note] Aborted connection 3 to db: 'unconnected' user: 'root' host: 'localhost' (Got an error reading communication packets)
2018-01-23T03:31:32.512953Z 0 [Note] C:\Program Files\MySQL\MySQL Server 5.7\bin\mysqld.exe: Normal shutdown

2018-01-23T03:31:32.512953Z 0 [Note] Giving 0 client threads a chance to die gracefully
2018-01-23T03:31:32.512953Z 0 [Note] Shutting down slave threads
2018-01-23T03:31:32.591086Z 0 [Note] Forcefully disconnecting 0 remaining clients
2018-01-23T03:31:32.684846Z 0 [Note] Event Scheduler: Purging the queue. 0 events
2018-01-23T03:31:32.684846Z 0 [Note] Binlog end
2018-01-23T03:31:32.778606Z 0 [Note] Shutting down plugin 'ngram'
2018-01-23T03:31:32.778606Z 0 [Note] Shutting down plugin 'partition'
2018-01-23T03:31:32.778606Z 0 [Note] Shutting down plugin 'BLACKHOLE'
2018-01-23T03:31:32.778606Z 0 [Note] Shutting down plugin 'ARCHIVE'
2018-01-23T03:31:32.778606Z 0 [Note] Shutting down plugin 'PERFORMANCE_SCHEMA'
2018-01-23T03:31:32.997478Z 0 [Note] Shutting down plugin 'MRG_MYISAM'
2018-01-23T03:31:33.214205Z 0 [Note] Shutting down plugin 'MyISAM'
2018-01-23T03:31:33.214205Z 0 [Note] Shutting down plugin 'INNODB_SYS_VIRTUAL'
2018-01-23T03:31:33.214205Z 0 [Note] Shutting down plugin 'INNODB_SYS_DATAFILES'
2018-01-23T03:31:33.214205Z 0 [Note] Shutting down plugin 'INNODB_SYS_TABLESPACES'
2018-01-23T03:31:33.214205Z 0 [Note] Shutting down plugin 'INNODB_SYS_FOREIGN_COLS'
2018-01-23T03:31:33.214205Z 0 [Note] Shutting down plugin 'INNODB_SYS_FOREIGN'
2018-01-23T03:31:33.214205Z 0 [Note] Shutting down plugin 'INNODB_SYS_FIELDS'
2018-01-23T03:31:33.214205Z 0 [Note] Shutting down plugin 'INNODB_SYS_COLUMNS'
2018-01-23T03:31:33.214205Z 0 [Note] Shutting down plugin 'INNODB_SYS_INDEXES'
2018-01-23T03:31:33.214205Z 0 [Note] Shutting down plugin 'INNODB_SYS_TABLESTATS'
2018-01-23T03:31:33.214205Z 0 [Note] Shutting down plugin 'INNODB_SYS_TABLES'
2018-01-23T03:31:33.214205Z 0 [Note] Shutting down plugin 'INNODB_FT_INDEX_TABLE'
2018-01-23T03:31:33.214205Z 0 [Note] Shutting down plugin 'INNODB_FT_INDEX_CACHE'
2018-01-23T03:31:33.214205Z 0 [Note] Shutting down plugin 'INNODB_FT_CONFIG'
2018-01-23T03:31:33.214205Z 0 [Note] Shutting down plugin 'INNODB_FT_BEING_DELETED'
2018-01-23T03:31:33.214205Z 0 [Note] Shutting down plugin 'INNODB_FT_DELETED'
2018-01-23T03:31:33.214205Z 0 [Note] Shutting down plugin 'INNODB_FT_DEFAULT_STOPWORD'
2018-01-23T03:31:33.229829Z 0 [Note] Shutting down plugin 'INNODB_METRICS'
2018-01-23T03:31:33.229829Z 0 [Note] Shutting down plugin 'INNODB_TEMP_TABLE_INFO'
2018-01-23T03:31:33.229829Z 0 [Note] Shutting down plugin 'INNODB_BUFFER_POOL_STATS'
2018-01-23T03:31:33.229829Z 0 [Note] Shutting down plugin 'INNODB_BUFFER_PAGE_LRU'
2018-01-23T03:31:33.229829Z 0 [Note] Shutting down plugin 'INNODB_BUFFER_PAGE'
2018-01-23T03:31:33.229829Z 0 [Note] Shutting down plugin 'INNODB_CMP_PER_INDEX_RESET'
2018-01-23T03:31:33.229829Z 0 [Note] Shutting down plugin 'INNODB_CMP_PER_INDEX'
2018-01-23T03:31:33.229829Z 0 [Note] Shutting down plugin 'INNODB_CMPMEM_RESET'
2018-01-23T03:31:33.229829Z 0 [Note] Shutting down plugin 'INNODB_CMPMEM'
2018-01-23T03:31:33.229829Z 0 [Note] Shutting down plugin 'INNODB_CMP_RESET'
2018-01-23T03:31:33.229829Z 0 [Note] Shutting down plugin 'INNODB_CMP'
2018-01-23T03:31:33.229829Z 0 [Note] Shutting down plugin 'INNODB_LOCK_WAITS'
2018-01-23T03:31:33.229829Z 0 [Note] Shutting down plugin 'INNODB_LOCKS'
2018-01-23T03:31:33.229829Z 0 [Note] Shutting down plugin 'INNODB_TRX'
2018-01-23T03:31:33.229829Z 0 [Note] Shutting down plugin 'InnoDB'
2018-01-23T03:31:33.229829Z 0 [Note] InnoDB: FTS optimize thread exiting.
2018-01-23T03:31:33.229829Z 0 [Note] InnoDB: Starting shutdown...
2018-01-23T03:31:33.339313Z 0 [Note] InnoDB: Dumping buffer pool(s) to C:\ProgramData\MySQL\MySQL Server 5.7\Data\ib_buffer_pool
2018-01-23T03:31:33.557990Z 0 [Note] InnoDB: Buffer pool(s) dump completed at 180122 20:31:33
2018-01-23T03:31:35.232624Z 0 [Note] InnoDB: Shutdown completed; log sequence number 11060886
2018-01-23T03:31:35.232624Z 0 [Note] InnoDB: Removed temporary tablespace data file: "ibtmp1"
2018-01-23T03:31:35.232624Z 0 [Note] Shutting down plugin 'MEMORY'
2018-01-23T03:31:35.232624Z 0 [Note] Shutting down plugin 'CSV'
2018-01-23T03:31:35.232624Z 0 [Note] Shutting down plugin 'sha256_password'
2018-01-23T03:31:35.232624Z 0 [Note] Shutting down plugin 'mysql_native_password'
2018-01-23T03:31:35.232624Z 0 [Note] Shutting down plugin 'binlog'
2018-01-23T03:31:35.373283Z 0 [Note] C:\Program Files\MySQL\MySQL Server 5.7\bin\mysqld.exe: Shutdown complete

2018-01-23T03:33:09.835748Z 0 [Warning] option 'read_buffer_size': unsigned value 0 adjusted to 8192
2018-01-23T03:33:09.835748Z 0 [Warning] option 'read_rnd_buffer_size': unsigned value 0 adjusted to 1
2018-01-23T03:33:09.835748Z 0 [Warning] TIMESTAMP with implicit DEFAULT value is deprecated. Please use --explicit_defaults_for_timestamp server option (see documentation for more details).
2018-01-23T03:33:09.835748Z 0 [Warning] 'NO_ZERO_DATE', 'NO_ZERO_IN_DATE' and 'ERROR_FOR_DIVISION_BY_ZERO' sql modes should be used with strict mode. They will be merged with strict mode in a future release.
2018-01-23T03:33:10.146600Z 0 [Note] C:\Program Files\MySQL\MySQL Server 5.7\bin\mysqld.exe (mysqld 5.7.20-log) starting as process 4904 ...
2018-01-23T03:33:11.102559Z 0 [Note] InnoDB: Mutexes and rw_locks use Windows interlocked functions
2018-01-23T03:33:11.102559Z 0 [Note] InnoDB: Uses event mutexes
2018-01-23T03:33:11.104137Z 0 [Note] InnoDB: _mm_lfence() and _mm_sfence() are used for memory barrier
2018-01-23T03:33:11.104137Z 0 [Note] InnoDB: Compressed tables use zlib 1.2.3
2018-01-23T03:33:11.105141Z 0 [Note] InnoDB: Adjusting innodb_buffer_pool_instances from 8 to 1 since innodb_buffer_pool_size is less than 1024 MiB
2018-01-23T03:33:11.106144Z 0 [Note] InnoDB: Number of pools: 1
2018-01-23T03:33:11.107146Z 0 [Note] InnoDB: Not using CPU crc32 instructions
2018-01-23T03:33:11.390962Z 0 [Note] InnoDB: Initializing buffer pool, total size = 8M, instances = 1, chunk size = 8M
2018-01-23T03:33:11.395989Z 0 [Note] InnoDB: Completed initialization of buffer pool
2018-01-23T03:33:12.993446Z 0 [Note] InnoDB: Highest supported file format is Barracuda.
2018-01-23T03:33:25.163972Z 0 [Note] InnoDB: Creating shared tablespace for temporary tables
2018-01-23T03:33:25.414338Z 0 [Note] InnoDB: Setting file '.\ibtmp1' size to 12 MB. Physically writing the file full; Please wait ...
2018-01-23T03:33:26.271599Z 0 [Note] InnoDB: File '.\ibtmp1' size is now 12 MB.
2018-01-23T03:33:26.355113Z 0 [Note] InnoDB: 96 redo rollback segment(s) found. 96 redo rollback segment(s) are active.
2018-01-23T03:33:26.355113Z 0 [Note] InnoDB: 32 non-redo rollback segment(s) are active.
2018-01-23T03:33:26.357129Z 0 [Note] InnoDB: page_cleaner: 1000ms intended loop took 14746ms. The settings might not be optimal. (flushed=0 and evicted=0, during the time.)
2018-01-23T03:33:26.444879Z 0 [Note] InnoDB: 5.7.20 started; log sequence number 11060886
2018-01-23T03:33:26.444879Z 0 [Note] InnoDB: Loading buffer pool(s) from C:\ProgramData\MySQL\MySQL Server 5.7\Data\ib_buffer_pool
2018-01-23T03:33:26.444879Z 0 [Note] Plugin 'FEDERATED' is disabled.
2018-01-23T03:33:27.158281Z 0 [Warning] Failed to set up SSL because of the following SSL library error: SSL context is not usable without certificate and private key
2018-01-23T03:33:27.159278Z 0 [Note] Server hostname (bind-address): '*'; port: 3306
2018-01-23T03:33:27.160281Z 0 [Note] IPv6 is available.
2018-01-23T03:33:27.160281Z 0 [Note]   - '::' resolves to '::';
2018-01-23T03:33:27.160281Z 0 [Note] Server socket created on IP: '::'.
2018-01-23T03:33:27.370144Z 0 [Note] Event Scheduler: Loaded 0 events
2018-01-23T03:33:27.370893Z 0 [Note] C:\Program Files\MySQL\MySQL Server 5.7\bin\mysqld.exe: ready for connections.
Version: '5.7.20-log'  socket: ''  port: 3306  MySQL Community Server (GPL)
2018-01-23T03:33:27.371916Z 0 [Note] Executing 'SELECT * FROM INFORMATION_SCHEMA.TABLES;' to get a list of tables using the deprecated partition engine. You may use the startup option '--disable-partition-engine-check' to skip this check. 
2018-01-23T03:33:27.372918Z 0 [Note] Beginning of list of non-natively partitioned tables
2018-01-23T03:33:28.535098Z 0 [Note] InnoDB: Buffer pool(s) load completed at 180122 20:33:28
2018-01-23T03:33:38.620893Z 0 [Note] End of list of non-natively partitioned tables
2018-01-23T04:54:33.578287Z 3 [Note] Aborted connection 3 to db: 'comp3421_pda' user: 'root' host: 'localhost' (Got an error reading communication packets)
2018-01-23T05:39:13.565533Z 0 [Note] InnoDB: page_cleaner: 1000ms intended loop took 2640899ms. The settings might not be optimal. (flushed=0 and evicted=0, during the time.)
